U2FsdGVkX1+oteL67/oZvYgTvXhrTvEKUM57qvzGAeRd2F2M+VT/7KqNakKifWG+
6xzYIEPBhPY+KLrzWbvA/9qG+sojUhMVZ9lLeos8XxrR2dGPNEsyx7vQj4ZD2hRg
aWzGgStvz1WPM7nvqKzGAqzY8tYQcOsdy5MHlruCAr+/cNb5SER+DR/9U1NK11U1
PhT1qjGSgantpi/CRmpeZIM5BrTbYU6J82R0L2s7QYKwdQP0TVZMYmDy6wsiAdko
xkIXc46wLbG4n8mecusn0LbFFUEKYDA7JsRcT4Pq8Wk71bmUlSWAa7l879tl6+Dy
OZvxM9fAmVwpA432ydI+XUim91BMmDiNZsmzhBQoHyKx5ae7cq4y8w6pgVsodBKU
DnDPIFXQPWEtZxw8Kd4dTCoPfrbxcxve1EH7sJSVEwkIaykmn+nnjBAa3qUTLrNq
DsfOZ/sRPVwmlf7F+6uzFBdoYp0LBauOUk9onF6mUEDvrwcAFO5ntjlMR37uIRvQ
IMwe7mGJvUepgW/+ekVQ0VAnP748v9rP2Q0zg8FMSGDE+Gh1JzdDVo+S/acqc+pb
3w1rfMPF6oXFcmTlCTWAG1uHlXHLimlmXtYrRMFxwlqDrpXgL6PUNdm3v0Qh6pAA
P/h2SIq83KAGCDEcnqFrBhx+aF9hCyOddRVrdW5M4UBOBxf1qFlD1HG0Q99foCo+
mBjMagrKjOyc1KyitO79Ff0DBUEGDKPUOqiM/rpKhbl5StP11dFKp//HgL9DVjKk
3vLOQcsebAMOv9e5mPbLXR7IZNqPed5pzPBQE/HycPzUX0z+shKX0iV2UcuobRi0
o9/h+cmx6Pnke/nyKnV1jHLGaU6EybEr9vHGyWnVYaeX395Cg9Oey26iVqg0uE2V
DMHd/jZ7Tkp3KbO1QfuuhtSN3qwlGrGxgHPonZ3pB7JoK/HvHaqZS7zuTVcV7c9+
CYk16oiUwuaiV1MS70GCc39eZdewQ0pefoXSLWPS5p9hP2huCH/38LtONZUsJ3HD
OP11ybTfYhG6KvE9apCRRKNDJJ9gaPfaTWpqpg30aNZTcn9UdpDOt6+HLZtDn35p
RfDdOPZ3RNPsHG/cA3aA5KZ+f+c39aClBsGt+mpt9WiAgogI7h3ZRY6WjN6Zi+1a
gagxdGevweaHGk7hxuBAy7k7HCrokrUeXRB1thtU1xVhq+T2Ymnlr0Sql7DtqZij
L51BlmgJKOkTn4r3i/9JuZOnne/EdeceF8IqtiNJKhUUIU0dacdRmmZ/qT30Kcff
vAT9xcImRaClBdGOKmaheXCRezqdsGpDVjEtfAwE3ME5653oFRU7jklQy1elYPp6
dwh+cgJ2+CABfk3ddWT/snNmAG+ud7fQFt/hk6kkUhzof+KgpSxY8COeRShiewdJ
ypb2Su25X8PF9VWLzmUXXIUwXSDh67to8pWZhnIywuo2/CVjHh140rn9QGSEXvg9
pXlAvxpOU0NdJWlAVB/9lmibm7zLEzZ7bQnGxbOLfjRGuC4t38/x/n1OVj6i7PGQ
eS7Dr82fUQ8QDoS9i65pgwzNn7W5FY4deZ6njzSQ2EjfTAaVpXH4lh5GoM25M/76
79tzuBvhl6E/CTod3BLdM0YbkPdp+x1gLRq0L4tFEUDcRevxqYV4Z8ZyQHJ5OSRi
AkSNm12KhpABd5QMsOgXP3Rc/2LkU7WfpT5k+UmBHpqadU/vv6D8LR3SFZuEBWq+
D02sn5gvHmcFW54AtF0AcIfWz1ptexL49nL5i/ATqXXAG715gMUxK534axdS3JXU
zqJPMPE+8D42c45pO4ROF3ZmMF317/hEjQgssHNO4eKr1iIaPOjOH3cBOUuUNyTp
v6Ui5IrTXEqvUMAz1JsoR8UE8eTo/vxQQpdIJuNr9+u1yzpLC6Z4tIc4pmTqrTv8
zSYGDmeFHtWfVuFGdArjePfo+Ak2R3cZyuU8ZgrTOv1QbgKXCeBITUfC6pmEGuGV
5cVU0bGvx6fcWfEsY0LPKNvXjJMDqjHWHLpfQO+A/++wuV32BjkmS/7AkFitTQ+2
356fXUTIT9uSihayJcmZm0BA6MmsFUYZB2OzmdsjgZn4rgCA6xNGzWr9J460hafI
5ul75U2yJAbG6O4TbMDEjoEwHRpTnUpn8rkS4ibSg/11zcIf+ZTWhZ+zXBn5RAlD
LMeI+PaNpu574Kts4ORRG3n6HmphPC3oD3OdOOdrHQmwXaYib8tCwDvCmBaqT++N
kMg7rrSp4wQdDGhNszSiXpDWpkF3qzY0OZJop7zUaLOKVCrUfVVrj7jcx7crG3wo
Aln2plq5kaKxLqXao3Vllb2rq3hLGcGCE4tIqomNjiwJU7exNOvvkYlF8CU1zh/G
JGNAeSP5UHX2khQvGpoN1VvIwCWUQ5uYlZZkskIVmag0h0ciA1s07eXKaibmw7xi
Dn0EXzu230WECGddnZWVFXkuenkYs1C5MFSXDMS9VvYO3+YLhBiT4rJTuEssCBrj
59KN/HHPAUBdq5ulMvHGPl7mw0GGzggzr7JsLF2VZgAxjUdJ2g8vpzdSGjzQxCPU
B7EEzU90BynemgaLlubMobLfPAkUUWiZ8LfzqhTEGo3yhpJ6C1TFRLg4XlSFWWXJ
/m+5YnaSHdMvQSwNVbhfvLwYifYrvTt1RWqWc3NjBe8M8E9HmDt+keeWSBA7BY7A
MaECWh1YYyWBsMkyatgiUo8GBMl449Hsye4fvLsYo76c5RrpZ3X7I9Ec018Igen7
qWU6+DwXTAwq9zn7Aq0aWEMJlNMwJUA4pdMx5ItYLOd6G0+t4gu+n5voVzLL8DTJ
