U2FsdGVkX19mAAuxkQLt0jMO2hbWV2aJI3rRHAFyqBO+omscrKBda17s+Nc+pMXn
OV077rNnQlHvJy5nq34u0jp3PACCkZs4aa5i4OolhrtsTFaizJE1i2buAIr0m03V
5np/J6Xnuz9j9AFfFoAZpTxBMsdE6WoJGmmK11Oz91oJSpi/hFTpATccZ68jIlaH
cjPkIRhSbFiuXJJu0oE/qkkCrUGXEtHZu6aYOQwP4PUVGK5N08J6H7X0Od/291e4
jGOojv9J7DYEundReQ7/mssI1esWsFBVDOBBr/oE1mJxQcdO9mThDFyuKWS+6ZmU
l/RKjVBbl28dtRktHsgJmOArD66du6JMJDx/Q8wF4JEj7NsJtytiBKg2m7IYWRWs
7EZg5t5bxiCc3i3eKijL/dPCVBPfHitJufwp4Pef0ITCz6KE2biWGnZHEvZiUz01
GFGItBz2MCccxHcEyHpIsQE+0g2vsRnTy7Bnw/xbT+bJkt7UhiemmdaB1QV+6VkZ
6Sgh+DwKJ+MkBXl1Wy9uXKJwnWsNkW69+7WKDoE1mjXgG/Cnrg+TMkE5JLss3oj6
uBNCwWnS2SG8s+ilCjJ737jpnj0C4D/IwjSVgBBnuzvtKBOdowAtj0lnbGQNBEKw
wevwNYQsK3SqLlmDZdbYGbSgIFNPZ5tMOv1HXO+9leQScgH8aa8X9RjOQ4ZKCrNk
vDhUrVb6UGJV1k+yk4yOHNAVfWPdMDDiareoFcBiQwY2mIotT+Yfh+73MFgGLogt
vkRrz/5YTmCP4CErvV+WEo/3JqKm6Q1bxYAOfBaMbjyj9uh31rVKuqKSgwQFwAgl
Fhk/ab7WeGo9EixYt965Z+X8k/LyGD2lVqnXhy5sLhrUA5aX9y8BzIqdn1mRV1jd
HEWjwGbew+pJ8W0gNh/Q8RvYVfUnkYBaVwK0AuHO+k3rY33s3F0DkPIz2YkzNFrc
2WO9/k034bzhu/KSk5kwiv1StjDoWk5U4zwAvveHytorSlGfguSPbt2Irc4lk8Ki
4IubshTPUiUcLQopd1lFhqYnpOCdQykVMuQ++Xemgk8UCE5ylTGfc0pKZXSmaCfP
iZPBUN8H+rvWV0LF4CTLBXVH66NWHwb8iiUrC2vjpTa4P1oj29qu0WvmaLBU9dQj
ih5bKhoVtgVIlmOgfp+6GIyUywL/YUe5e0wj7brVXjUE5EG3CjZRVSZLlXQYk5zU
UTG3XiajOffrA9qpPuY0A9dG8Np6Lh1x7O43qPLdVAXY/MiRZWmp6t2xlS9Ot/5N
qNCEUkfWtV0WqIz04Z7XDpxD7CbjtLnuDvyM3GaePiA1mkouD7nXVez13QBfdxPz
rFO9Cf9OZSqCbHoWE82inK+B+M3tLDQ+nGMhmYbQxREZe68IxLM8hdhtyya9HUCl
UAKtGk/bzZwBLyYXEi1548GpYJqPFCRH/l2J/G3GMZodVBH0EV/TaftsSpSgH5NY
XElEr7k4mP9ccJsKJiTGxGSRLRn88SEYdO5uckLbKWBwoeQ//UyW+Np7O+NGK8UY
XANWtOxEBczFo9KXIW2MM8jS+g7yBY+Q0LcEj5HBDCZ5ijgahI+VKi72C1OL9IEa
SYliTZq/q/nKI32COSweKsIj2h/UGFucY7iaCMVOZu1obtuIaUd0rPUtj8t4a4Yl
Wqo8rHEJpXJ+Zv8dQXjNq4GnvlYi4MnWLTxPlIcCnytCAzZbvNz3enhi3P7L/G5y
AZLMfd2NoK83DMR8vQGITRi21wUBuqfMAmuRBDdLjAZq8u+smhv/xm6cF9B0t79L
WCD6c9VFjxjUAkV22V2C//CUyjUwJJPvDnvuevu4ECkrVYXn6QZgrv9CbTJzXaWe
JRo6AOcuBg684K36Vbmt3jSdzRgKlkvnPguISvOeidgvHy1GBNynLgFmR1Ftdf3r
ZtifsV0TfyX7bV4rAYzaVdIoww5d7RAy+Lumy+szRLuybMjm31OejcUvhhTalxB1
cKZPovnjINfSy4YmoEGQ1MZJcDEbaSly9JJ+HATuCYBF9nJ5mI7YCI3E+K5YE0/c
YOafKpH8BjTWbgXDhw3J7OZcxWshFfKlJqC72sr0h46KpMU9iD4bQkUI1H5cN4Hg
Iw5E4fjvEkgUPpksC11hEyrHoQK3vH/++sX6l8g15+2XZXbt1xIpgOwX9CJ+oSxp
B+LNcoBJxItNKLjcLZ+MtbqHpxo5wXSvEE3w/3CuSwQ3QOh5fFTXkDii5b1Xnmp9
A6DU/AnhOgcCMS6U9MSGs9/h3euE5XBbogd+AT836xns+IRshDucPmomeyfUQw4X
36sYMDGvzCD7ntcERLkOEXQI8q9sDZifRV+Q95ulm+ExDz4B6NMWv5oeneyShlDS
LUk1OghIRWDI5r57qG2T8Pvp8wNP/cMvw5yeW1+tGPOxTBhiAUhOAHAIqqH9rA+J
Qa6RZ2zqgCr9FpmRBHqEapn550Je8z3/e7bQzf/ffoNm2uOzepjF4I1fWs1C3dl0
VPqGZHwIVbsyq9LCixVk2IRYgAoBLssNURhXkAdUhCuZwxpc9XkN9TT05YIR5AjC
RqyG2Mmr//7hL/SA/ugCaVzu2PzEwZC+9gVzUlsY5SJPbrz6X+fMtSphiL90tqlf
jccrOO1utht7F+avj5GQjNK2aPmhpvi4ZzX2GYw0aq+jI8ihYK/BskikV6ixaKzv
hRpgWidLmoGBrAu6Jdk4wqrfyZPyH0GOUwXdnJKuixQjVs1aMBtauXy4znSRKTon
lwKJ2VDWbfB5hI3YSG8TanP55Gp7Kd0Bj8EtCHXMaahJ0BzlBGmmkJvkU4T/AQTY
HKT/gV5xy0GBP39NsVLCJqGLKAUYd+0nirwTUnYPny3UT2A6ubziwtHh3nQC0tS0
isr1+pBL7EiNCHeIN2+TVj5mL9SU10PhXN5sJe9XsqaPafzDFuuPM+qOLE2RKHum
GDensnJwdxrTbeatTJC/vT8pds+Wnp3G9k8Dw2e9Ung7aVrZZx1yRlgqPTk0RGkk
PJbCxiQ3HAwefFoCMdm9D5Ajt/LUUWADJ1gW30bZzGD9j6p7e7ZIeypyTO/0//n+
uahWdfuH3mKLyBXyAQ+mVgp7A1QW/VXMzQ2ApbcW9LM93hDaPdRkLTnH37C3XnQN
W2Ishom0NvIaLZ7a/rBjOjvaMUtNYIZUgyCiibGZo9S7euMygeKbHgp8543z1ojd
1pNMjzKGYVr4OI99SFQjMgKbS/AzeMO+bSLTZlMdaXnqe3thSvQqVJbSMthJerZK
gKZWrNn2klKwW6fif2bgLZOIHsnAjXXsq43ZEj9Rhh8+T390N8BrB1ZQY1jGj9tE
D5dtQK0Gtg3JGHQUfAvN6FsaST2cztW9z966iTZ1aoIyrpo3s1JMjIzhfjKV/Cxf
VlLoxQodnMbdnnzxVUlwdsN3kpL8OzT8idJGHmBz1qwWz5jTvdIfgaISGQoIjAM+
i/YCPCUCWasmB5exOyDkOMf7umLyMC0aNtEf1cj1zmjkH/85iUqzR6eNhcSqzqTG
4yhe+/xvu7bH8D3G7tXIDTZwKJ40YcgAU2kPdFtPIgi+BHeNcpC+g5hPZj4ro/S1
QkZtm5+FMOC8sADU6E9rAg6dJjnEweMnOUcUV9YkZCang6IhF9REE7HmSVzAh6GO
+vRcmRUzDvs2Uqqw6wyek9RxajCZ/LsoUN/U/8yy4Vz9Awxl+87/GRE9XJyQncQl
MNeFK9mW22BJNswQei63VUghylel18muzFTVeoL/W7j/lJkxbrZQgyna+Xyoq0Xl
k2oKRBz6QSAr5ILntpKpT7jyDddXiy99vHnAIC2xzF5GbRh+c+AHiz3faAP6kM24
c1OJx3arEaZgG1Qu7K4cKI2EGvDWeH1z/a/kUO49YBrvp8IVXG32oxKEtl24AF20
6S+PxL8keekn12T6Hr1o3zK4qU9oaXjq1cgCD4zOPJD3T2RnkMdrWVQ3TT+mFFH0
QRGmo9Ysu+m4cMxQfyeb0Cd2sCaYiHMQD8S5eXrQJfeX16+YB2ZkWh9guKe4767D
kqkXumuhbyu1FYjG/BaqhoiNi8AZ1XdMSveicvRe8qHyVxoVThD/S9PBtlI59+zs
ax/sskQm6uUadTtu5pogfwRAcpXuP9M5qw1ZJeXwWi4EIv0q+HtqNiNWuF8TPjMl
yp884yYTc7g6UfnZH7qnzjQs1IRZsrxd+t51ph1pC5iNQpGE7vvWPRbOgVRoHHh7
BB7WOBuX+w/dfKRJqyux/HcYFWew2UNxllrfENQUEwo7JtPVkmhFK2/vE+yvolTq
0GG88pj8uu5Cd0Sa6k9/FhBXGRTdvuOzunuU2lTjSQP6Nb4fvb+lBlMC+cRTbWvA
jfV0My8OlcU4CX+bNdSkybLo0nF4oXFWHxXHiyabdHqYup2tofx+VBMWT0Kwsz9G
ggi7PfRZdkTnKFWxAWVivtxnVioqEy8WftA4XnRzJGezmDjAgzwF2m2Hwp59Zr/z
Ip1RbDjbrkUZbqE80Ar6cmPnOIE2HGgYu77SX5h9teHbF8NFvkdxksfRWjA0p28q
b3W0kLMxfFLbmWRjm1RjFl5fJLwTTXqZeBdgJxeaIz0dKDC6JHHpa0bKCzWgoxgn
KBSesG1YaXqWrcvTAe6QCj/zTsQ4OViqJZpwYsaEVUoBqe6f1eb/TVuSJlakbqLy
/OBaNhv1EYXIbHexzfELilIYMZrx4uNm83geaKznY5hozcqFq7ssweaD6EyKk4VB
u9zVTBGjh/Ke3xdpkmtB1ikJkpmvxSDDbwRjOrworIJSQi9gHh7+duCLKbru76C3
hSQMpYcNf37NdJCrEhgSoVpDqQ1RoxopKV2HWVkcQZ0k2H5E+5MsROnFfCLQp7D+
hMA4t+CXyc/cQ5hk3lTvzDAnf9h9UWS+XchCzSZ4dlQ93dY0h2MoToJLH0SdcPSV
OmuKWdhN1u3QakXNKQ0ANbhnMKMemHRhk1lGxVnaJjO+cnerd7kuTUFmZANDfCgS
IAFamYvhkTzLXnp7rXSjFfwXsEmivpwskBCS5LjotycykFPUIeY9699B0M5U8mzs
t+MXDsMKTKEmjyim4/qxj8jnftEnk+0pOW+GmRRZpFg3e8Dg/w/fPbbZAylOFk59
Wpaoa1epmvFjtZSeTBnb6IvuqJi3hKo0oSX4g7BLJswLqBr6qDuh812oPaTfxVQR
utb05I+xWjWZRvOMB+v9keKQ3ds9yC1izNiEJBc2dXZH8RybOB25ER7j1+JTvi6u
Nsnw2PXUqrM2G7oO3Md0vpeJ54NjTbu69WODYGptuKnEXyH6LOrn6iTycNhixQf2
NaYB03mnMBP0aHTVOwFaXS6B9KaE1m2ORMHiZKctKtG9Dk+Fu1v7QE7AUmXr2XFB
gLaynqUBk0ID1HDkM4FOCGtAVcpxeb2VjEfdBgN3Jy45fGLCdwe4ee+ixs40WXSi
i6xe5CzOcdN005YBvv9J1F+9kZ9zFRiGK8BQ6pKVphzNHXhaKltOhlsotlxij+kA
pTBUqJB2kvBAS3Mtn53F/8GZvt2tsFosTrVfbq9YjLG5ugU7At5KoMRNJkpaEDg5
xqIfZUWq9paaVikpfFIYXXO0QkjTcQRFQdwAngHTDxEKYCgKQOHPRkw668tiLo2p
URjOyrTUtm83xtvOK4c9/gtnr5zZY7NxsOaINxLH/2/1+AxxnvGeVPjfErG8CGoQ
4vDqwOrvHVjBfg+S2IEaLPDGC+z1NwmIU5IfxHAC5JaI5QK1Pykndp7Rk3Uxsi9R
GP1bZoHztYpW2byZiCCcuf+/7qaFB357byBMCMoO02Fc9CaJvNcw/L5DpbF5fZaj
TX0TI35LwLfGxrEfKleHOxoMnLys/uOV1bGVmBVrVfNgN7FZq13QOWyh8aImQX7q
aAUHEHRHyo7Jtk9nCqDlhs0mWpxWkqERpAIR89QvQlKrbSE7OZ+L7Ri5HePFRPLx
A2pt2O8jLJAiBRUPOgCqwPNZyt/WID3knE90BjLHJdNQ1KZGZBqhgT3oaE8LSvNY
/aM4IgDPbx+rW8qr0Rs/hkJwMPVJHgDzUSvgBupJ5L3q0LMhtRA5vDEwSm96rBN1
/wrPmYpOfwjg6famtWj5Y6Mts3QljJMnjYxJNZyluDTb8AKhd6CzsGCJ2sNrn44Y
mh7cclD/xVBGq2T57/PK/cgOMfG6XavBqKO9dtcZmdXxlPoVEp/PjFapkQa3m2Jn
JiPxAcBGgD1SpD/2QaxvVJFjiThr7tTykUS7rzOo0KiHq5KdG4gDDXimBeSZzLPH
CvQsqCE/D6MkD6YG1lACvkGzlGpNPXmPO8tbWGbO2QD/qjdinT7842HKeu//VNyj
7bCKhAvTzLT/1zTdRVE81U2/BAug6qSbK3r7KOfAcKu+wWuewEf7qO88iHBh076Y
JyoMRP6FtSZmb25Wh5ltoF13eEoFpKBqrddfyayYba7TsKY3Qr6cs/hoychQPcdF
N8JFLGyEBM+ZxMhiSxvX2f7C+CH4KuayGaUDOVJlH1D5UIjSYRPyW4gYnOAWNZoK
HSXPyNWGbKRPbX3ROfyiRU5aJD88CakftrPsdpUDzQM8ooMH7E5To8pF/3k6wmmr
fR2T+4Z9e/BtAHv0nY4axeSqvY4OX3s/vqVKgurCXjkZHAXi3K0mRMte13ZGIk5u
qa0SnYhUWXo4ux/6XyKZ2jewJi/hsFewYVBpJGi9pZ1+PjmDH6syT5+Pjczp6iVe
9NaoKxUpk+CP+H6M0ltS2AUud7sQ6wTltJw+9LHh5OLQxXqaUPbB0Fbs2BiD2d3K
A7+Vlvurmvjz7RZMZQ8wzVQGjqwYpcAFmfEIDFDRALQOLjLuuj1CWNAePjYEGp3I
rNXbYYlkhvwcPwtkNOyhGXgPTeOtpfLCukaYK62bOfa/3V6bhky0PqgBtr362qpo
+OpWV2h21aMHZBAD030S34OVUEmwVffVU3mwr4TwYkDaxL/bdF1DBike+8206bY4
YaK6qgIF5fprEmh/3uaGuBrn/+6DZqkZj/dH/Xv/1QFWYjbJHsjxcYO3gCIhApod
11xWG4jl32rtmFBv2Ao2dxQdhEgae6nz54Sb1Pcp3PeBDx5GsEZI9qwHeGnHWz5n
s89dYxsILhER9I7oUDEYlVSvEU4/0zgwdUBI47HYvmNWYz5HVZv5tmbv/Z6luwSp
vgYx4NfrZdbt2MovJ1VOK7bWRQ+JNo8yjwrFwg96GiWBYJWMXUMZ7SPNtfu8XLlJ
kbToEbZN0SSu4Px04FKBMyVbfvVJWqt+MNbTeU+7k434qm630JvFltqJQJrJzcGB
xZMpXJTO0j92LTd+PF8nW1WosXtXB1bQRxOIWsyV7z1tloCeKqilCYhNBDYvp2ki
IrJvVq4GJtxZk+aFNno3ul0TKecnWsrh6CgR2ga8KM2AOurgmqxgShMK+jMnjXCv
D/neJ1YNNVAQmMyRcJOr4EnfNe+O5me9S7CxYo14x4pQdp+gR49Mf/QBOt6XgdSt
K4MAaXcxatHIWHqwuk0mqDcglcMzl3FzDwiCb4vd48xmySQgYA3c8f3/DAl6Q2iu
X7vBpham8etOgsDdJMWptH4f4gbqYMKt1ufcEyvh6pzPJDNWo+9jTmsvEqDE88Ys
iK+UQVFe0EbsHBbzbLo8o4ap5Egg7ZcYC9PFZm3Uk28EuDtvPb03yxY+UCJ73LKF
dvNrgThcFG09xOvRachhcmeNxnxa2Uhh2jkIZW6bB5dTf7Y55YrmSumUhygj6imu
BZREHY81eVYe0yfgHExPG46f3EGV5mSNZoAvdgkqV8taDbHvl7ryMK4BqlHJxrwu
0XScq2E7fE5Kq+OEVXscXUuIZvywQ8XSmUBxpN5hHwUj2rPrwT7NvrE9MQF5DYhX
nF7YBHyKqFHgS0eSGndp3Y6/OsczJKGE8V1WfytCTe7EoUzUk8GgeujD9MAiyQDo
MZ0Df51Hoz8Tkzi5Ova5TFLn1WUCXcQjW8XQNf0QRZlLSDW+Ag2hp/2//2qSnQYF
gutsO8Ezl3eu27W22MUb/E4FspM0E0ee03nKvg+Xy9rWsJB3B+KUZ9yWM351m58N
cW1tSJoG3M5JNTnBdlmIsdK1SiTYjFaS2JlY6tvrtViiIGNgnnkCG9WO579H8y6X
YN31Fi5G8XGC7gd48CtUMR+swxYgLm8iUzOasL0pemlXYS+JPB8Oxeove7gXY0sZ
KO62cWPkFrtFEjDmZ1iSn9Mlzw2SVFpAMN5+UjBXId1tfVosoaYMTk34WQ6zPCch
jel6r+khsjn0xgFH2KFL/ua72HXhE+o/37YMiPmUWtLeIdxkPvzcthwyRs3Vix4u
0vD4RH4dwZO2eaL6+jR+x+ih0N0SZKiQbJJ8qllZrhRvc2chhj5Zf9Ps5kZRaOnO
xm+p4uigNja4Zj0webkI2ziQ7O4sKJLpxhOvET9dbnHbfN5bzPuxoZB3BTFrZKNi
kVzzcJyF7bd/6DFuSK8XwFrfzojIFILNd1VXFNIca5Ucvhm4k8vbPOZgiXUqy80B
hFfZ7EieJSUDZaWh5RDARSIDMA6PV1UBjQUQOgayUmYUPm5ApAsQZRj0SNshRzTc
67ZVaWJJ6oJB77rRbP+vi2JkPM9UAi6GQ+yIB0QWNyB/DDpnTYDp3tgeWr+NsNZv
XRq8ODfLzIeIGE+gYQCTYSIoUV5B6nS3BZeomIPDo6PGPxHi21TAXG2UF2YakWx3
qW1Wxjm4TrowAvnliftMHiY0+Y2sNxe5J4j8SVbKOx01Vrki7X2gpTnbaCmDJpmo
CBPuZSAgeMznZQsrq5U3rxsjqtnZwYz+5rWbmXWiyeKjs2qN3CnEjcLeOwAZ4Did
gwJ9WJQJ8IEmvayP+WQb+1hlNFqIeiR6Dzz84n6XuED7lbl8SDJq7XHgzvhKuubF
c86sRMymv5FL4q0b5H/1fqaKWMKl6ezZaMoUoXhE5wDiTIO6AjUcEpWD1SBEGPgR
A4qNUDlZdov1NDy61b/AO84iJe/UqicPlrMGU0WnjY8ksw8v/ADsmzhTmMcGgf7i
fpNRbo+kaj51jh/3nWPf52uxZNrmc7ndFnwrZ2aQj0cwJHi9j0yuhM2tVuSMrypy
hLrHYOOt0uX2yCvTdeHu/j3B8N854LLiKz4LUCfcPMC1ovz+4p1T9ewoSYpQMg93
3SBBxif2kOmWVzADsbyi2rFGnoFfNImszywNyuiVX3NTGnB+SIWyf1rUrsYbvVud
0VA5O8eaeam0/t3h7YJB9jt2ej4NwhPVYl8Wkgw3cdIXabmF+TLMLkXCiRTpkKK5
yfh6UWeFVHTL8ipdTFgA7auu9cB3kJLRKxrOIIWTz4bcCC7cY9OF7kcUxl+qNFhH
RP6s3TgkG8OYmPIsiYTs8+hw97MViyRxbZi0Ugqksd2tGg5JW31d1+YKdupuDRxA
j1kaQyNS3dtw94pG9h25UujV0AMWh8YDLMlSqP/2tq70Ol5juAQ4TbaT4zWvsX2A
1LmM/G5ub2b4RTNYnCL+fDN4laL0zc67coSHNiJKD2bUarXqBfnSWN45P9hSpsRK
E7cDjY/6QfdtiZ/6OA1T5HmeQF7k2H4hOYMdBI1pi9PDQlEwvLD/zs9v4mS1/Iv5
MaEsWScEMnbzlfBp7IEqZxw6+Mt8rQi7qKloBh52e32iG43GmYNxTT85H94Q8dT0
eH8yQMyINFJLltzBEyF/hoet6ktksrGTLl9k9NiYi6hmu1QcmdY9e0vRiCoqIGnM
9Mys6i96E9elgvGAW6cZ1rVAHAY6l+z9nlxBeBnqFC0bHmMKe0WIHzHP4BrPVavv
WrCV7vyn1lhaVoouQbwOOvrxuq/mf3rDFXDeWalfh7DiN6flL1RKgbZmAiZa1yoT
9CazRblzt4gXtaECMOkrgtLyli8tKMge3LUriz1eQaFVAN1fvlojsOmRtzmbQCfY
bIcxXGMoGf0zuwjFQ6efGy8YyuXvDuTSiAmd9Iohm3D619OC4kDEkqnIaP2sHTiZ
E3wxdyxz1KE/a5SGo8s1/k5021JTzRHsE2WkKQf1ZIFl1bNKkOKVDKUrzLapdfaO
rFqWM5EBUwsHY8HJUx585eLz4X+Mc4RAnaIZi6ZEts28DIT1b4NYhFsI42zw14LX
6dRxJNUDK48lkAznsH4v7NIvwAE5D3Ny8QtG9rJ+ELnPifI5ZC8NO8l+60Qfbrej
SnHZwvkU7lUbxdf0zbukVaTqNgLsaZjJjFsBQWMBNJharwWbkOFyNbpTn/wIEzeE
ge/pM00aHlg6GUziS5p5fYGwAve1sn3y+ZxLQBMHGc227f6NKb/vJ4L8n+U+OHy8
KnjZDeMvEF8zH81Vbgds9pCPh0vBxFnVjto8okBEAzC/pRgapiyh9SD3E5Xj8X+1
Y0hCwdpaGH83MS6E6oE/o3LXJU0T8e8SMS5n5oVBHGJ61pswEU6S7/qFnF5IuOp8
5pXvnJyIbmm3UOYHLJPyY4fNZOUCp0K8CoASngWK1wRqHgUYe41K7pm9vYxgHCF+
wSrs3Sxc9AgUm9ex21R+A4tirkErv1dAmn/nbX0tGDLsMBUSr6ef0jM6Yotp8HYA
BE/7VYgcz3jkaeD1ULWnIKgD3VdMQcJS9iZqsUEkta6yaXuhVn33knhpgXIDArqP
LxlyF9gLFOlSVkU4my2OZnZPUCZdbOMQuQ4IhJr7QbaYzvRkb0SjtK7uSowODBLT
0Y52bc/y51PHUfPWGzEQwc9JjDNetog3Z/x+/TyLVnXec3lfV/VmQRDN6ox6pUGk
J3d+jAMeumkRwgd4W+he8gEj29WuRf2MqPkbsMKRwQDTm00fVBNu7iNMtZVxVBnT
lt35ka1p9aMtOqrI5liMmqO0AS9sx14j9TB35UzM2VcZ9q2eiUlzmryPnufBuqcd
PzjpQ6eAXJdee8XuUe0fwUOqh0mL7wNYuFaN+3sTV/YL2wcda9I/aS/1Q0eOVYTg
KuixzPuAO5xtjQwH15KODOPeCsDDuJnAdZ2UwbMyE5AGRWkNahEbH6/w/1Cqe2kf
LwR2ps6D1EQ5ylHwyCpYPBG29rrUrhbyoFgoTL/60sX9G2+0kxh3ViTcj5PBGygZ
ZFprMHuOftE3HBqrxRQKZG5W7Ovaf0+tPsWP/IHEVYjOXWl0IZtfQ02+6UMPlE/l
yXe3BIGqIoY5dHHZcsICCdsF9onaTcKvt1t++WuQG9w2XJGkfXiYK3L6xGDkQM1O
25aiJED0aW2LGIZsLi9HNt0VkvLAjgId6pLuVcZjTdHBGqlmgDJ/o54d7M3iYMCD
GoQus/3qkl4yAKuLTWx96pscAF79+yPibV/incWKxx/KEFKt1cElAiOAECJf145V
A6E0GxCgn+oZloItz6dl28a5tnWn9m5EKnBdkZ+Yt1tQ+lfwGHLYxHdLX8sZmLBx
MNWwtOlrXtVdrmoiutmpjr4Bht9Wxw9R/MBH4v/Dty2klNnYxBToqZ9xDLjDBvki
jmODSrZMqrWIKn0X7GVsdMBSdbcLcUXt5fvrMTHUUcrbb9Kt/4jpmy2PvicmAzdD
kFZ5DMe+5a/wQelpTxj7YrtouZMTdRu7gUHEkzmJJlbqgVEsMtr8NKITBZ1FM/b7
922YwBltjBKRXyR2Hmy6Wpe03wKiiGYOBR/hJ6c6wVuUJJdsnGPz6gns6yvLxNO5
d4USV4gRH3qsBFKrM0ibxA5CWul/rcRgo4piJ9m1gcyn2/67+Rc7lfh10mti6qgL
roHkJ2zklkLiCme+BJm7PEApGOJkST8iLymlrnw7lJlHjQCbF15REOptnvUKIah7
WXfGjqtD0kC6B3M1CGXR1ZHVENU3O9UC4TU2Pz4IHjkEHNvS7LiOZw1OjtFqqIN2
0Uo8fzPK4eIhDfXaUcBv/++DkAMh6kNH7sld9GcSIdqh9lch8u3MvfOCcA6vsfp6
hEy8MICwOMlLMQwlZvTs5JOTJA99fYIYlab/v/mUx3mD/mkbF5UneH+TXAxEZi6E
nmsNdeeYzjyt+38tqFEJySsoiTjvWCuQ5KybWpXqupeQ2xy/BnyvjI52bj5oSHaV
dcvWr8H6rkjcu9JtId7ykEPRze8+3O3XkdKz+Q+TfYdof5DCiYmKn+N7IS03wg7E
YwfauwGg4AX775Qg/zlaiZYOCsE8JUQV+HRlEY22JExb7EWXhyTsPKorlpDmAWyv
5R043c3gfLMPIVIu9JAPgrhCb5LSFpmkWeAXZehkdEujMdP7e/aXqqcFP6p4Fzvs
1moCPq2F0G1q3Q0bt+sOjjRp0kpYCyP11SC9Ps4w7cG0cLaR09Jvl9Cbmeih2klq
wH2vo4Q/znwm+c2aCAuKknkqovLyv1SSBjlBQDSHFCsGvN1hkVP+togcHp0DeLX0
7telXpdwQ/u2OTpr1hPbBMGLJEUFLonTxqUQsT47xVW61kxhBVuxQyty31YJ4PXO
khiQUfe3riR4K21HZ7EBiqJ+j1vLTYmWVWR7fxnRVPnFRZpzZajCIXoaZ1MUQV9y
w9U36UjLzvNFRFouxRmFDkiwp5a7PevrF4lva4U1IRZH3yq17a7DZNSueV0EHNuF
/Pzl5ebSEU2TBR96OjhpAL5qm7RKzbKvq7pS3fAEgHinbyxQTm/bUci0tmYhMRoa
OWrIvSvNzixSRRdMEKtV66RTd/YN01Nl/QqPQaYP/WziMaB88CicuyMSHKyCNDz0
Ax1ebVaWbW6e5O/zFCLJo6OVXXQ1PWUb7NUgIaR87sO+o+Rwp6yog4+p/qfkASc/
7tyK6LtdDiMrrgOhB1y1nONMIFlI87IvVnrT1/XzhID/Wd480h2SL0Fnt7VLP+Vb
abLQctE86UANnzIY++6Im6GZGITbbfBzeBadbnARVGVzznenpM68EeoN+AVsUpTc
UZJOl5kiDrZPuR87iRQ1t2S/lnS5ngubgmohSR6D4weE4dK4F0yp6z2NnJ0JcuLc
SGzmm4/HqZvYzI2isU0+ktduV/VDXRkY+vtWN1ORUdXEkcPC1OHFMK/JfKbCixtD
Jt4wzORoeR01UIX1gTpggz+clpEpxKdS5Q8iLWAjSjt62OG6pFQmPEH7nOZ7TeBH
hXeRPM0gFtkGxoqePh9BI5bHsWIN5l66ApweJjbbYiwwvDtlmEDA0tRfsHNxb+Mu
1+EeiBKe7j4QhufZ/T+p5yEKz7wMKZ6iR5rHqKiC7a65JhH1g5IiiufgTTpuxBMr
GLDjaMUgaMeS/p5vx/wshAduB5Xo3ut0n2wkraxFYOafOclKRM0Wc3IMOzW0l5nY
Z6T8GhCTtYoFGjjqZWVH8ILBDAJAP1WYWto5RaHpsOGwLA/lbkTHUR1147pUnDcc
CmtFMPHkOC33I2SL4+4lFTu+IWcOl25anaJtXH/zAzQFUfOU7zKg+KuHPNPyps08
KvdJDzhrnVf5fR7pT3Xwx79gCBCIK53NeR3u52V4dL+Usae5SWUHedmVsLBbkhc6
lS8+8vr80AsNUmY8TduE7A1173MipmAD/Z+fBM2oHZVqRIyQJXy0d6rBjstNMRkf
vK5HmoZOXZ0fS5NheG5hRFDZwLa70xTkmQloimZY8H+ovIOC00XJn4TdccgVW/OZ
0tf6JnXtHmbk2SeOhdWuMc/QvANGmD5yKcX+e/Yf6+1uxDXXURsxlDoIf5S+vxz8
OHvzw07MGrRW2DmyE5/7G0gFJAeeUb8iTGeWgPsiZj2ZTYle7APwsxtqcDK4F0w2
UG52z0w1DfLRZVLy13WqX5NzNfG6C+QQ5/Lm5qxMYhiczMi3qqxpPrLIfm4xpP2T
Ppa7HOygdKAqwKit+JYpdoFMeYiqhYOKvT6JnMHQOXMaU1xKsC6GPxRw1DRdmk41
IBEsHOxhPSz2scoMSUAn0AEyxYWwZBKRizb+/p70Z5htcaeIvnd34A4HWTiA4lE1
jnjnapSvL8EyTewCWVNppugc9asLSqOxkvOr8ErTf431liPW/g07XO8NGLe/wVDW
XFEbgy/IyThAX8YWpmLOWOcZ0VmS6X1NjWRWezljB5OHLlYqNMBEY+xsme2McZlv
syG7f2F8w+FQuRpqTJlsx4jXWHN7R3rykGzBfK5nNAoaFCtuHYT+9fYRdzek+UYI
boaWRU9OCZJMdxZpyR6KsWytl/y/cwkujXuSAC6RvAG4DJZk6pO6XkR5Z+Z162Jz
6DylnchAu55AQByfXY8hnMZzmFDq+svb2MxEro3kPjSB+rbkqhCTCb6/iCkPTcoh
W3f59PoQzrKlk2EFkd4E0i4FGc0vNYC5UHCRs3qej5Hxf2miezIFJ51LZTDwhrH4
rYSfoevo542ivMbhM7mZy88+FDde0vLMGH+I9GYWmr8bm55vgSK6GMGd1wbwX+yP
5ezrK/pcjAgMoAHCJtunMzlOYdGq1CCNxkyxCqYRD9b8casceKvgafL0ixLs9j7H
zbPvh5xn4JW1lTf7j3Jo4BrXGDXRZmYu5sQyeVadIR4H+AAdNRjBKOQrJbBBZ9yi
kuw73UKsfPG7MI6bc4+RlMRJRQr3xjnLO9rMgcJXH83t0Cc9AlyfKD85RWx/aHZ4
nqk3UfjeeT5Ms1AegpETJ2kevg7BGHuFgW/T88E6xmcs+Yn1paIUVURQFoYGmF3C
6HIiMtAjMnjB643bFE10EltqNIroFTGmH2Y2D0Ik8ubn2mfhZz+LR7D19UESbKnd
NKvtpWM2UPuFwbMaNwWIqUX62q6NJdOfUfPzi1QUUObRewgtCovBqDvqQkxG9i5U
7TrZ6cebdeSDrbYZb2wlIHBtA1N5zFJbHZ0Urp689+JgvbXLw7cJFTpqnrE8ZwQw
mHWgVn3oIqqPE2tFZ3z3n6Nsi7PxeiPjIB10WAHI1Ks8SJDCGO9YoGkwFPY06iBF
ZxXWFxEwwSW/GSsjLxPKgPBUFNXAZYdlGQVl0AuEJI9a/pfMGK0gGESk21tJX4WZ
zM0ntHpfn6HMOh0t9RmGilvStyOLa+B01dXc7eJMbUhdrdhbdqCvQIN51kkeCf7C
w/Dwew8yj9uJx7lWMS6NPb9xQagY6MTosD+mWKgSB44eiE1H28CwYByvhs4EUA+B
pDgvk1tqCNg4otcKAsOEnD3V+4qsNNccq4MjK/0Ik17einS6wgdtLsOWw6kX/T2C
w8PEaIAXFVHdX9kT4lKG4yQzbn/dGZYPkyH/z8nCSbaOrjVc/Ru3bK6fi3kUxJds
9zN0VcQIjlPodF39hREIaL60Kq6a/vk9GvFXUDuquL5dwwSnwlSQ0pVYZsXP1kO+
TCCIo4LJd5VbU0BIt3hpUws6PIGmQapufmrnnWNPb4O6u92TAlP619QxxfVhJJBK
rGKcqeABXLwmxAGOKgjDRtTBcrX6g4jie11X/6LJuABXIcS1Fc0gVjmB5+Anc2/5
HL1HA2dfRknVAq1orPJBM9HGHjw+tODNjUDjBNKViOFLgUIws1czhxSpLbSjhCf3
a5UZ4rScI0FayY+TS61QgNstP8anh4j1kW7KSTKj4AbxnywMOEAga1ylKbM56u9K
MDXYJ+noVlVNnlruB7tCufNIa2y12emIr0SmbdkuSDR3H0sw1/XZqdRcGEpVOqmQ
CB/KA+R3RSbH1EVrAUA84wfcOng5MjJlumQSWYCLrcGM5OANmnfmiyhujCjfQki8
LiP1TtIvhwjyERCtnGH2oDFUjNJlBjPiiqzd2s09DOqQxb1omF5Oun3arEh/Vl/W
81A4WuxpLzbtEZ+dfWjG2lFcPwCbqFZtvQaTmpp3YzeCYSTqsb6tisBfQWgxVMtw
lHt1sS4uYSVlXHoCywTJ+1MH4RAG/iNj9Vyk5KyOSkZkI5bNnRKe+NNVLsPBCUqd
3RPgWh830HbsNa3Ee+jkg757pKjaUIzADqu9iDsSWhz5ssjTP+c086EvQq97ksDh
Pf9cp1JAHUVfBwk+6J2ooWkyU42GL9fzw6yvppzHJhOkHJBzv4lr6/cdnDYsYdXH
KoIkCBmTmest0kglX6uIP6S4GZNM6TR63gd1fcM+OZhZI5dP6JXfqhO74EqNtpvU
m7kWacy8xeU+QhPWKXhxhoUri4Ihpi+WJhfzdRXLcznTOvpE7RqTWrjvcGsGJ6xM
4XjfefLPR9kr0+kQB/CRAhDObUwr8Y3H9U9z8vKVZg+jWlTE+77fY/9QK9uFoU8C
HYyB/NFkBEmUesl7VMe1sXqu/p6vVEJaYegUVyax/4g6qSmpVjAT0jWAwwnWFnWd
ICwAVtpiYkFm2VDq/xtXqHp1fVnLJ5gclJCmTQpY1velr5pfhWu8SjFRs1TBCU29
nWubS++Y+99qXrpazHdwl9PzqC4cxg5+pwJYUOJXWlG5KHJpi17DjWt9UV5LPPty
zi5K8AVbYU2eLvRzOUjOnKX1yPLnxQugbHlvMqmaARGB0OGDs38c4kDAzW2dUBxA
AsBWtuP07Ot0emhNcugoPLHGC6kRSb10uoNfNiQoEL/mjcTEWvOzU+gtvD73TFP2
zKIVxJMEw27IhwqXruNQ7dmAma3nVerAPFrW2mdwzgyf9PEC6DoCcC8g2cruPWdK
fg3CjZQbkyAXhyuOHlRQb5uCBOAmzq2KlOwa0nGLWUCL7kMznLIF7miiYCfFFFjw
P+Fnfx0/IH/Wq9owbolP0o/SsR7xnE8sJhR7En6p5/qy/FdEnT9sxvLuEYYrVFWl
bTo3p+gJ7j57m/PoEag47TPYJPS6Sh6JcoanIEjIrimBA9luvluV/UBvgwmsV7qr
2FR2aEn4hYenvFqX/uMPIiPp1QlPUD49X7NDP79mqmKyWgYpbaOnDTv+D5IrB4Kz
Kd0MbCAgRl5HuUTeo8mFLgY/oSlGEpZ/pm5cRd5MI/PNmQr2PNyuE34sGBSawALS
gMs6Ia1U0uzKPxq/EAtHyCDN6bGZ+A0/TZRtNXn7ZNC9tUZOaJ/cNmjs34haDXwK
GTomzyhw7K5ld6TPrrlLRzSH2oG8ljEUDH3i9Du836+ts+xbTxT5DlMcILwixjdE
+pmz3Gj8Luh8XZ5lBpxhbnTdAO3uGTcUst6JrNRJ6Npws4sNOIB7RaZ7hemXc1uK
feTVVD7Y4EHPza2d/ieC4toc5+ZqWFu+b5mZzIGYwoQyNhLiMgz/+AltoFgpfe6D
C5k87tLy+UoXhJERb6O/cJTHxTIpkpwlQx1WoaTcOnxGHpiRIPOZC51CFARCt4iO
iyJNnMOfbrS+5iaG6eleu3JiQGkzs6OBf1f24Xgj8CTnL4FnNpKFPhpcIz0YoDKZ
JfU4UYizDqujo3iWBpr62yxhmrBYNSkk49rR4yNgEC0kaAwy7Dzck+a3Ws8ke/DT
5//9Ksp3g8b5rVsfU+tOwwzXhVZmSnRTDjKr9aXJp6EHEYpwu6f5ccrW+vE5cgpD
V7UqwxVbl/aGOfM1hL78/7a5A7OHpPmjmtckHhecRWX8yC24xUbUoDTNnmYifwCE
lqmuVvzVv/qUAW5roKkOxafP428Zbjvx32rxW9dsAUo9kwsNX+qN2o/ZNJCxZ0c9
vhucFpSJt7FBS6IHi4QlulmMT5eFviASxYU+UQafo9LvpCjhRJA8PBfMbs3oi4S2
LeWfIANelKeccw1h0fDak1NDMn3JAtY9avHd0+zZaFICoP+YFltmlCbyk+zOINh0
wgq6av2wdneKHt2wI/zJQgcBA+W+56Mwbfun+OMpk5z+Ni8AnrpGj+7cX0NS/kPj
HKwmeznDgV2NcoyCmWdkCkd4gkQtf4yqWYdunuMr+oFwKbd1mjOuoQyEeoCwUuIY
eveQn0E+RuCxynv95Tp9jSDhYsZgSRlKVQUSBNur1MvifRfVvm943GqyHVOQweGR
YqS6rVIoPPH6kY8mp2QpiiT2DwfGJn3QwkpvZI/cBh1+JQyMzqTQJzMUn2rzVqVE
wcm/qP/IWi2UKU0XL2B8cWkWUOnwl3guotWx+67mtI5THd+So3Hszo8E7GrzhbjB
FJg/kBMzcdmvL04tr74qDJMY9YFfJRW1tS8zYPmHN/0t4cTN+2nliK/8h83yyOk0
MXCJq14e/7CJ9BBhSAb2cCTWkW7yp8b8+1sIqO8Pce8fI9S629VJLafPSNuRg51O
vpEmNx0z6Ku+KRMFrL6lJyo/Utuv9eXGsNl6mTYyF7nC084X3TmaWjj3D0lcJjXT
AASL5Q1vk1QoGCCwxBB+EgoBwHm0iHdzQn/mZbsxCAfBMtCZrgZKDhK7v9nmFmDb
F2klAGfJW+YS0vbM6k3VrrW5uA7PQXtRZuR4dsQPBVbLH3rQWG2wgxnM3sPN+s9c
aisDsdXEVxSGDt2Tu+E2Qikw3n2LIuS3IYTAyIAgzj9qPX0jUF0unBEumdz73blD
vTAKTjvWzZKgCM6RAqt2Vvs/Y9O2tAPbjKkybhdhOtUHMSd86LYws+rCQsRp6OaW
MtMTJhwMlMOptPf4GWZBj5WYSt4nHP7HIcwSax+c1jTTIj1dPzAdX1dVL54NYPYO
60V116CmZ67RFtnCTQq6xaHl6x99ukW2ffXmP6dDWR4AUOJ5ivXUispBpa8b/ZXG
Jek2IjBnoPOY3hCZbx9Ew2viCW6pSbeRLzJIlzTjfg4kpF+lMxm5p9eJf+v3Lpu8
1/Wvbv4ir6xxXrT6zGX1UsylJPvpCpRzktDvnTeDP7p61xp3g3cMR5o/OZ4j6r2F
wZZsLhheliFkmYLvOrMDmv58qqGnvMA356WKkZDBKLXdqss+EZVV8HDC3RXuuUaa
9LF+yR+sHZ4Lwb3iJGapdv6IuQfLTyk/qUG1vaiCux9SifhtrPaGTrgG1cXt4UQS
ixTuQnynBbgUXSAXhocjzj0jLxQAq6/r7GZ4RdbU9k+424UImgvDG34CxBr7bL3M
0uFXXz8g+DUbkpyXXOnpLnyAKAoEulTg/MZ3nmQVsBAN2mccER3tcj+yJhH9Q1og
/paP5TGnwg3LpwR8UPNQitHcSOIpnVx9w8fFvJwEd25edMTVUlZIJxmPwWiTxdOO
lOAXo1sVh9rPwfpy3cEXBjp5OB9JqH6IFxU8QzpyKoYVTYL83aS3v7TdQAYr3KwF
ou6TH0LbmN0XSEpYdPHSGjGgsZ78h8uMQ6BtAfO8NiwmLYs6c/a5CpnHeehOPrUV
WgRwrOBZbc3VkG7GcSTBp44sOcsKp5y8XvZZc9vdedhGWAOBO/Avi2l2j769lB6P
E3juOTIVQZf6njtt0cvoiQaoas42/EO+sBRH5SfhodWgECAwlpkxhXsSKmR3ZheG
cNNiqgp8ju5gwWXOzjyRuP5hUyJS33+J2G5s/6feFfIakSnX4B+9yZLcLeUEpxmv
D+nIUb2NbTx99Puu/LSlKJtX7ecT63vfqEzcNhc8mhCY1X9lfOk33TLm2xP5U1zK
S0PY0SZAzUr76LeaOAH6UID8cXIWu5GpAyugjNKPGZIQ1usNdRwv05W0azsn/MoN
wHP2mHixrpI/m28UolOx4t1KKP5vw3HvlbsOxRYKw9Su5IVPhWzE3av9LV9ey+op
n/qzU7ndz0G3HeYRK0vRNEIxJGdAzw9b0cDRNoE2ajPhvj8w3GEC++tWz4vxSP/9
k+zsVRMcoVuhN5u0gEMH1zFFGk3RKPcP8zYzWAt+HRIvoghUWSHefKcXSS6JiwGj
sUzshDgOvl0QWXNxDZVK/AzM+lOPXjaTxxbsl000gafgcyUHN0SaPz++vyrzoJmt
+i9jteUqDVzDA6dGVcgLil+vrLiqLmW3kgY2+g280l5X6Oylt/NG3nCR/pVt00Og
0JnardJKElPLdjN8hJ9fApQfmzr8r1T5hrXAQkCQWk+aY58V9CfiF3FyXTvhwi34
OUEE2zglZi4vOPmuBuhfla/lBh/IKNcujvTVyY87/iGLX8UrlOJnfY/pAD3WS0Gz
B4dVO0GtHvQQb9USVvhNZRH8KVTwQ+rnggPDU7M0BMnnI2YZtaWUCC2juU9OqKXy
ONfCWoc8tdvc4qkcvoyFfZv49FBt8Ck4/i0/qo4wBFdda/oatzpLen5irSUvIQJk
uBUZa9NqGrS6pS73wg+xzMJVNoyy0Krx2z1/8HM9g1JxeEx2ZSq19KXIfAovAMbT
HXAe4Rg8zshheyI1YKcPkfa/CpjyLVfRq3pyKE+EikO1NOvb/36msPuLp9z9qZBS
9FjHYBBY72PiUKkhXi7fsa0KYfdb82SkIVS2d9Nd5OcVXy5auyaT8kN+TKLw3yxj
uzX2nnWsFYwwucX2RkrG5Fc0rl2Qm/ZkEc1l2ySCr/gtxvmQ34zO+x5BuJdPAiVo
d6TS7TudCfLbN4g7PlP8LhbbQkRMFYZlSmxARzYhSimdGuo6hxKryCTe4uzizl7o
+4ZqQVSacg6lMUaAiG65jM1yIDw1QgR1H7qqiDKRA/Z5YWR05LYR6VzYuWeD1q/G
tocX++acO7ej+4nU25yaikE1nfRq6KwjPPdoIWLSvw52+Oc8HW8X75OoUBNb/zWp
iLuIexp7ZgC7XDIiCsrvB8TV1TGVfwWGVckULus3rRACjNZf2MJzyD9ZkrZJCBg3
IvmG/yYXhJb3S/3AK2FfZZY1/CUYDCa3LIr0Ri4UneMF0uTuWapNsOkWhaC+0cX1
hC/4YqJAeMy7yNO3TtxXacqQDkSfRjyFVO2JnoMCfRG1fCOztNbNL044AQ/NPgiS
Y6XJO/7c7pIKZENeBKkSz1DLHqaKC+FP3eYXXXWn3AJMONAfciEfVLipoGgJi+Sf
RVyj/bDJ9CEZ7X037C6Fhsb6xqf7mTofogPZcK/nyFmsKtlmW1eYyaWppR2MYbUY
LUmpztI/c7KuUGvmz3vHu8yb5ecwQJSb38nPkfgMXMGWXwMw4uTaCljZTXNj73Zi
tWrLRR9dQwY8HDl/C+1EuiImo2ANkWng57/d6M/IPCRiRoUWfTxBUIEL61t1onQr
fiuJZh8Otjuznk/lh0u3kHCo/rw0aVMlagGAkS7CJmbSyzMWsikeKAf0H38oNjMW
A2hFgmSrbVcbmbPjzpUPGkhNS+Km41HMo1J1G1IUIFKLg9bF5PidYBBIG5qUtA+r
ELwJPQN8jXNqnPIjVMHph6mLOj/V2EGua96Ngj+bSioxkdyt6uQ3YtgRJu9AlKLp
d5a9cUEaZhO2hRkIxHCgucGT33uewsm5kyymQO3fuuEYyv73CKBdlUKsUV5d6ncV
/JTJkXiEFVIunLmn+azWD5rZORjGE2unx+gra4wMsPuBTkmhbWrQOsnm/Mw1AF8B
GF1p0yEZfdk8k3vlFqCnBFrcF1pjhxoN+Ozo3SBQTa1g8y9imz03XXPZZlwW6eF9
x4Jh6gyS0nIRtTwngmflcjjfQn9rstVeRAstARXZ33aXsokqSR/Ag3Z13CpMF+Nq
aqzZwTT2B0yrfXXL/3VvdtpyvjMxWIr20/lgKgUjDPTgOVVOz+UNnw8npQzhSX3c
l/RhL1pLIRGpFWO4NxCRVuyxf1JnPGxIxxYGcA53bINXVKrzWgM+twftvJ5143DM
BMcWTfee3Y5Plu/m4HNKCpSc+FI3aYVzJsmMKRPw3LaRMA+XKrUuDSp/aW0SyQai
+ir0/dt0+SjKlXAykUKLzOuw6omXXxjSWg+4qdaGbP4gU7vQBRRnI6xGh2lw8Ew1
/pluYsfxHuBeNPJjcDKnnLLWIYwVDCGbVwXLydDbc6tMDXFiVbK+/btceJ/+wVEt
dBym+hIwQSDS3ryd/iaoJXLJiAh9YDV0K7l2KYTq3gGTeV2aVVHUf4/4tsGnX7XV
jHLh3pA2HLHl+xFavDRdhHjX1fqA0kZLp/K/ycsYHJHvicHeR3xLkns4RrXnV8OM
7f8RRrIYWv8KnotzbjAyxEqfYH3+FyW0EFAClEmIjQvn04PCCdeJm9nzxF6mNWnj
kn8v5gYjh1FQ5ulwjrtdEBIQqncsGiyKOpjOxPC5gAT9r70/KZtY8YCSTGiRIveQ
0Omizw1lYF96Q1wlwGqEJM6nBhe9gApD0CJgFWWAEEloVXxrtH/1fwOZwwO1tTVJ
XF/GK3ZyTkWxzjAIWym/+kCAfgZoi+oNpGdy+BzZ9Lt6KmTW27meKHronVZ/sW7k
Q2ti95/f4Le5wkaGRdXK1EZgagrnNayImPnHULiOtWwiBucxX6LOLFck1fKnU42R
uB4W85qA7vAdL3V5WXWDGsdRY3s7ZUK4meGjwCouvCmQcv/2JUHWqidUBzmsAPS6
frOJmdskT7nDvmcbQWjyJud2iU7Rkgbz95uMbn/GKGzkfXKfS8I2AIeB/LE1OhNR
NgCUfpKovvg0m9ANygG0HrfMM8yXQnHKTPyisDt5NgPwsnkwkG7CGmb+Hup6PILs
l9qf6viRsX2ABKOguIc+eXDT9dCZJXOqly4Hi+b/E/xUSc4AC5BT/GQz7qMWK3Ua
0TwVSb1cUoJZEEftKtdJ6MgkZ94phajtPjlJhvh2tYRkrjd6tPCL2aO/jqZ7NXDD
EgAUxcBpELo5G5vWMnH2++Ia6OzDTfQFg5UbUoIuCvZr0IVL9Tq7ELmASvJsrRiJ
P5Toij6Of4VoFZUUt7kwJyn1RMQnnLluDKAPulKg2rV2GplUVeGquph0I2dk+XCO
qkKE5oXF+TD8u6TMLCgcLEIr3Z43BBjx9ItJBJKbIPnpKSTgDHyFa0RfcblvvuU3
7vKlTqpMoHnIz5RMi8BilscE/GiW9zUfNd8CMBFZBwpJ7mK2sjsd4+dC40g8THmO
y8MdmhxLW2COxSACuSBqhuHScPG/atGG3k78BeCDEiixu0ZIQurto6lR9NXxOgAm
LLDFzGTma/7ughTuQVtHlFK6X0YFUU8gzE0ZdhpEVCBYVSTs6dLRHEO0DHt3pjQP
uKAgRCGdRbw/dwEs+lN+WPhrAZqP3Q/0f/myLxewFrVn4WAooBzsku2thloIpF9b
WDcPeJ/ab6wy1GUY6qaEVPaCmSO5ILFNbe8YtmuIb1BD2Ii0ZBj0ZDHhRdyisNPV
Sxm4V0ckfm2rWa45iuMMH6tqET/J4e1EjBS/jXsJO8Ct726jf3KBslNQlnjnO2K7
YaUbC6hMW0EvasVS0tT3fRO0mxV9iCOBJEgL/kyFiS6Ts2vgGxvSnpOwssf7/FQU
ZygxM4sNcxJNvnoTGobfUClMxSipe+vljm8ItujXpea1d2lgib5Tyr7It63p55+m
Lza8r8dfscsBK+doKHBnPotLZkbFUxRDOn/30nRPmKFVNpTuiFMewS9E/O0pL21b
6VniXIU2qTZRnYTUOtTNg5WLoZLlEBC9/e7KXO7cHVAJ+qeEJH6eE2Y+WAtqWbYn
K8SDJxu8+FtxwGRPDm7iqIe50gCdwLd53k/YHDxuiUU5oHbj1AzMwPLkZ4jMWNVn
k7mRh+mgRG2QvsFRNJAphSsIS5W6p2zPoNri8d3fCnFXPq0QeMQZwa4YQsxx1xOq
RQaSVMQSdW464tig9mgESmeRYn0Q8UScXR78np6msGxcZR+5XQMYIF9pVr4uJaaT
goE/KV7I+gwwNyQMVRutt0mL11GgBoF9GPWhwfKIw/s31WoYSmCLkeddzio3ZQmq
Pb0m3d5b4vENLXLQtv9Lo0BWMW8ZRk6V12Yb+9hLpmg0+vpyqMNuJ/BEgAOlq7wf
I1S7WZkDORYPohUbl1Rtc/XuaNzpSyUZn7pV6UEtAzA68l+t6fWAQtVHYSYQKvvA
+RPkRS3xAVHe5zWd6cGNXIQnLMKsgyQvc57d6Qa28A3MZAqdA5NCx5r1fkeXw7gj
XkhdDk64TV3AiSQeYfzgm2zxo7UxBShCmdU1cQDCTXChwesfcfjaM5GzaAgYWX3B
Jjpni7y4vx1ZyUFE0LEwjTI5n/MMj40SldKFEp4/id8IAwGspBBU+Zw+g6elGbUj
AEZ6EjfX7B3EFnq/O7CXlGnN6I4LpPnCcB1oQyA+0uHzARKAXAjN8UuKzbTaUcY7
MO+n9gOKmMJdy7RfxOyhjq0QZWccyaeXqbYbZ7RAP9+VCV5+ZlDYr3BLymQoPVG0
taVQIBZA/oTlc9UwpN+KGgfjyKaqincNVCVAefeNQyboKwB+lf7gIVCfiTVucBc/
vm71EgwksuidkOi5iPE7lVazXO9rKDX3k+r1F60o4i08nk9bFosP9tfAAAW6XdEH
tS1fNLwNavwPCjzhE+61hFOJnccEjkfzX1omAkuj3gNuyQzkQ8UV5D3lnNINveWc
XtsROoJh1bmCxN4dZRtJupD+a484g6jyu5FkGjVQGOIByned2LB1hAZEV0Wt+c9Z
FP5JreQboaOqjjtmBJ8IyhezB5phylvc4Y/mw+VK5dxGPoFUstYSJyFhs51kyB8X
u8+tRqtADO1cdnlEmqciK67YqrqDK8tnN4BGnWHP/Kkhifd7XljCC8PWzldJ36ti
XAfddYApuiwuAnYK+xPXGXZEd4mD8rXlaxGTDgjpr2ZJ1Y+4tmFcVAVkQ9mGXU6P
9B28MRBumo3BZx4rzKmRZZyfYslPktGgxVCor/6aGFkg4Mj0wFnNMSKkshNhrgbM
7t2tk7+GFkJaK7T7siXtmRA3OhzR+ZEbI/jOQX6Dg9bPl+9OIGbhixvW42HvQIK1
Fm7PUM0dY9EhigUHdFKVx+O4g86sSbEsoSJYkMSCNSUU1K1bZxBcD0HVK31AHE+/
yZha/dwMQxaEDSzrMe9EakAiQFSLRIhjN6DH1q7hIzLvTJyKA3zGHSYHywn3xzwi
c4WAzatjxTEajfnX3imjV5dAR0gEIGK0f39OncLeJNcvwSu65Bt8Xe9q0h1jo1ec
kaWoscTSJyFQ7Rn4hXNo5TmixVvt2A3SNNHq5fBr92j4Yyf+hgKFoWK3C9UGNpXW
YNFIqAdYVzjQ+dXZrhpZ3PTlk1AxGkWygGtTwoCoiYFDuhzPhSw3R6o6wPfUuE5u
PWpt0kZpjFQrV4dSuZYl9ngzqGrb9zQazcuiwjcAJb2VthgJN+pwsUIT+wxuhEOk
Z/0TU0SfNPQZgBdUA4nmFtDxDedClYIo+MxM8biah3PzClr0o/mD06FlwB6CscJv
n6EFc2xHZgAoew4e6/8NppKSpghDI50CEVYnBegY/sXhepo0oWOGQ9LAC4IKNnxO
7tBBJ33Le4QtooLMOiPlL9bBE71g21/jUZ/j225Oxufa67DunvpxnrRU704gP0sR
RpAA5JDKlp6AjPZaqedcIp9+EowZfwYeTGsdE096ZFuHY12YnnQQqCLJtI17IwV7
mgnT8tT+pQPiPvWu/wIYyTSS/U7Bfw1/AxuziviDDgPIXS72uzeyfbGgELNd3cd3
bBYguNW7M2PGGgx+zYi0xM9Cffuy8TGmCGptvzBenXIGeJREQfSKqAVEHQpLSjQ9
WnJKDZ+/cKbEOer/lSjUu6Q22ee11JdF03i9CVS24OV0s9OcdbSvDT/qRTuraMXd
ZnnnqaepqOgPe9IaDeAt0NG3snIc2sz2loXckRN6I0gELE7l1GtsH4Y/DCMGie5m
kLyZDwge0Hpx7fvQu1lcCGyvapwbJ57TMVhKBEGrdAbaCK84oqYGEVr3ZOWYr7xC
fwhFpyem4ZMxRQ12rfTWeQ6YXKQI4nRKdbyT+0Bvc7Ns5Yt0jWZOZFiD/Tyl64OE
hFzYclEmxhPAedWRTLcgrtO53Q+YVUGzM7+3dwEdpT2E5wKceNRqJNyF7Tk1Werz
n9V/7zCY9yqf++tYjXNe/XGpjaxz4odE26UZguZoIhSDCjOM9BQAYAC2rfzu8tCg
r7u7LGVXIuPsCBROi83SkwHcMCva4zbycSiuTmA6IYkMoCqXBGX8mEEEmA1SoP0j
TRI5r/nDVlZCtIj7mEt9JkzT8x7x644XtnYxuZAVY3qKn3Tmx/Tno9Mg+gnbfumq
AdvG5eki4PBlyMfhkYoswhg+6qw5Cs+meoM6Fei35iXm+oM8akl7AHHdPhefpVYV
EJ6s9lXTdhcgYcl6egErkSAAuOVu/HeiBBYX0GLwyEX6YafamPEq5Fv2SGlxlBl3
Oo/P9tP91jw+ETAoDncONyVFJ/BbHkw1TyvERTEjBrjp/eEHCfanb6T056ozeGBt
GKAt2Sgmd4hX4593n3NgV8WYZ4Zfza5YAb1X1J8M5mEJUnsS8ORm/iXVJcxwNpQJ
lNBb5ueciqoi9dqfZ95NDRT+jCwKiXNCmZ5+izwzJQbJlYk6CAf7VVA9xc67KeyI
IhWuQZO0qsI/hy6rgepF8gwnnip41uqb49r/RlDwxva5N5XvwNyRbFrZAFr5y+PH
1j9FCqJI0e/E96/vKawpCXjD33Hu2lnsjzg3nqf7f0x4+LLVtFq3BClua8TrEjxW
XiC2/jOr9vim9o8khEtarWZnPwgc+xmiZzv+/qLTn0PrKtu9D4B0yLXpbEkk1nYc
9hwTeZdv3twn+4iRF8TQEYhP2KzLnW+yUOSeXoDKWz9pCKjlsfUokYhiP1e4NfRf
RHSt/bUS2atb2bRNPEULZcU9O8c9gYHMoIJNj23dJmjZ+0ziiJa9mLnA1tN7x2or
tDuJA9+9MfgXrlp3RYogxqG5UxG5FMiqED/Emqhfu8GnQeZAZHRyEMWyU591HoSg
xlDHZrVi48Amu3t+xCGaBOPyZZeY/NBRUNp2/ybz5TPZzkNd4G7BMqyA0fbNfXTQ
Y2vUl9Kgnmy02ytHJogWiv0SXxifD01r+qFYB1nVNARu8GCwDVOOVyqO2QYhs74D
ihhOxrTQ6sszQnVyWgfAxhO5xK38yLtTISdiEZo/jgBF+oSx0WxBcMfVj0aNaIYZ
IyTgP/Qx5j0zaShRHJgnkCGKqfwLJPeuv6+TW7yH7RPdwdOCPbmSH4jvhyy5dw7z
g3A8fB/zDBIqan/isZNqdrKpK2Xq7n5H9BQbU641JeDly1qCcOufQvLQzUiMUoFb
oSP9ctq/2cNpiG6p78mWJahK0+oJeg5fZxMU0ZnL8psdXFjPPH8b1Z+wlGPfNAom
F+6y52TS5XA1sRocXxKctBRD1j7kTkFMROeFhoOF0OZjaVndJj+EvCsd/Z2mAZBM
u/M9rZDtK4/EjCuLJv4YgZx7M52g6MGmHM9+snHSHzrd0xyQmznxEdihp2KyN5ju
ZbbPZRnQGYjZYzDDNYoe3dCCSq/WOlAg8uvizbDuyDwxJoPDJuMtJYZ9NrnzymOl
lDo88YbDhrbHAQyNazPZskKD4Ug/kxJeUjOwGbew1EiQBhZD2HpOonG++jx6F08v
AYmQ2bRPbv8r7sr95V+uARyEGM5kSR3FqluBvmmKm3Irmk8K/+IQcifmxuiS0bCd
TKIgx1S27AsQKFPjqZq7C8YbYN0VHJmU5vPIj7ojNkW38pTfqCoumfBrsG/cyPtv
O04RNSckOIjcq18FY5HL9KUuoEVkIUTWCgrMJ3eMbUvMdjEONLX/imp3kqgcjHYf
OK0FCDErdUAoumnfUyVzY2J9InfJCQfIh7lMvLXruK8b187h3meBZsmrevDGibge
gpRKr1Dueu0j7BNmzEyZQNCLxRWfy+offz/Tatj9BURlGo7rIunN4Ow2LGNJNrL4
w2labokbd07G+yyGwvppEZrii91SpS1gWIbMDrTFXD9PuVA2rAuOioiNRL/Y0E+9
Va0dV4Sy0waJefoCUn93iU9HJubVYbDDfxwjJa+4Ue04GwmWKIKlCETVOf8OKC2i
C9XEm+LJ8WTwwg0xPYGnaUJQHNxBiXI/z911K9NINVvuZKFw6S03/24NjG46dK1j
lSz3CWYogvUxqb27kk3EZP/KblINoW0LrbZ1Sa1Ic/XaI0zW0AS4PB1pkAzufKmS
+yjv3JkYle/SUcV6w7UgbyPVyUKArOkqVu/OBAy2m2w63whv5eaCk2bchbfZMLHm
dlnUNpVj/ClKG1sm2vFLI6xMLdcosJwFtnBUOVWy9HvPnJAelobN1tzSciL56qPM
T0C3v41d2z1+KNGa2USeO/IMcSOd50PcKgrhvP28EWYQ6d/1v7D8qCBi6vT2O8sj
AWX21Fx1A2Xo5HQhlw9vCp//Kl5TWN8mR23A5uLmx/7FsMtiz321CpCTmqr+2W2P
jLgklnurMy11WAoXuSKCpJhNJ2GUtp2+/pMV2ArA7L8h5iQGyOMk8cUgBA2ia33D
e1sByspdVAD8egjJIQwigiI7E4eCr+AHGXmT6Bv6SBn0WS/rMeCJoj+11NEgm7TC
iuFxgOAE+s3vXJrS7WiHC6B9jrBTqmt6gGlJhq1znPAiKFbet/yUgiWdec1J7/vh
5BqI+rzSuz1MZhdS5nRJ5H4i7DcFBgY8QKFx3AyNV5F5+tbpqTMbDiUhmISejtag
hq/TyfCJVfqz5tTIIsXGtWTkGu7DvuipQc9blcZkksOQTCyF9wivfkfmEYxHr3zh
RW/ru8qUh8tOMuhbflVFgU44uKzftvgrrA59cMxq/Bh3u9NAM4TQjGfxU4JgdxbV
xpnGXn5jCFAOr4xEfbk5nEeLvKlr6l5wVFPPbUIjpE5cFW1c+nxFTuHoLC8EPx/R
S8q0INZoi+S9QFCyO7r/TTjQwV0SG88TuZp49QmXNWIGv9iLnC8clAPUtNypkJmb
xo6OkcpZsJX+Gq0Fm2e/jJbuihzejUJ06ksOqqZut3edUHGin5UTkbA0HtOVjayw
Q3JEA5HuX7hb4T2HIu2KpN/79qE9Sv7SOj9o4JvFcMx9sREpAkv1+FSNGiKz20j2
QDA7Dldf9Z0lEvNYjL4dW2gLXIsF7XFLp+BFC9lF1xxYjAtAjoRZQMLW5NC5L0hS
RpR6ZrYw7Ljqfh/lxxiVTyihitzvp03aykLvjirZ35EoWsGlvkzLSY5HFUpZ5+AC
bpsZ3IYf2HT8jib3M87klbUeseKQFBDfVn78/8yIi3NNACIKGq2QkfvI36Q4fbUw
3w/uFTp+Ia9lPx4EjqhIHfbwZ7jK3Er+3uMe9okxovRfkdLSMrlG4M2s+96kA9D2
RozzttEg9POuTftBUTPriej381gJbQipFYMTnAZOljxRznvETmKpIEl1MWJLJhsk
0EQZo67FHzy8DCgNsOtx6ae9n1eWxdNQtvoxhJmNer/O0sdHx6Ife1aufSRWs1ft
6FxF6ZQHlCEXrGHvb4GC6xaxugGsWLwgx9N8UwSxj2+X73DU9T4ywG/RwjgWyBAW
m9mf5EkI9Jg1R+W7alZC+wFg7NqY34JNVhc7Zd/49Q7Iddwx8M+DrsJp7YHGyqBF
kgrGVN2fpU6ZRuFIJUV87AlVZ+epIx94/Q+KGlv225dbj/UdIYwA8l31ZetUgDBU
rbRiWwUGhdInK+NIEImtqxKVrffPovsYQA3puthBsHEb3AgB6kIhSwgZLUSiR+Ks
6xSiS2kYVsFSNiCRsbcOGmxF3grisEiNQxJx7rEIOzUccMBsHfGNKBXKFQ+0W09l
81JNcCSfCsPHEr9h/ue9r0o8SeE/286qdKaiZ1DBkLJ+5w+r7mUgkEolnibYsJOK
z1o0l0UeIRw9tQprs1vUed6s5Vvo69vi+U5PoPPmicnDeSdL6vf+OHE4UpQEUD6e
0+BCYVKDc0LhLhWQV7Di1dV1iT2v9UMRX4A6TWzYqvyAw/j6h+As3zEeyl8Z5ieH
09lyFprV2/CN/6NHjC5e2q9lALr24ZiOVvy1rujHs0Qx0kfEte09V/Sdk0Bp2IvN
ONMF1vB2APxwuEVLdLgtk4AdAo9dBfq5+B17n6oisKDnNl5knAZNNyQl9lfJXZvz
koU7f3rwK+M48gq3J1DZN50CyliiFlP5eLmTRHI+HAfQBy9Sg9/sy0l088PTOlYI
mYTFTMTPnUWW3JcYIS3OXcwTRXfgouMIVYOX+ZDnWfUipedPSG5O1ZXzkk9LBnGS
hXOu8M5SCigLkH3ZdNTPZap8rqOmwRSK+vERQOP4LklXSOFTkLHXxPbS6LEcPwAN
SecTni/d9HBP6PScA0aBWXuvM/P2lJkslqCJj4Nc3pamCTI0IYHNmJtDPBqJtQ+/
Dh8Tk19oiJfeY2t742f8EZ7s5Do4ufRxGiktzsnXl7kYtP75zQPqqXAhx4aTD8BG
HDw2hj2uLDMEnl1W/OsvOta1uDBc2+oLQUtz/ydiVUaO0cBJNi7s15niDYAj6Kot
mSKrXZZy9nSvq3lwn1Upnw/0Hbxhd/Zhvx6BxipEZmtEhP+sW+drMhGQmARPZ8tE
vZx/Yjvh8T1MpNLnbKFsQ8pJUe4YkItIQSOzREf+naolqNUJQaFBL1Z34twRPKQn
Cml38NnANRzySKFyBzU7jg1s+VD/Onvg54PPBcDS41lQeSH1gZDAcM++bMvhM+cM
Osiv3a2oEDnYFps21yHuQGKBKi0Am81C3kTSQQ6Ysx4ZilvdG06jNL57d7bmbx2Z
cHjDFP0vLu2sNgKp/7b7EohANT/cvHqAtfNUyw9GCLAoGk3ZLvMo9ZlNWjAJ34pg
WTLJWP74DaRb+97zOjf7TUMoXyrzA2xckm2olhwO0K0A5/YG2PdafqlYFaC4qV3M
0Rn7tNRDmkfk//WAvh6kSYLkaq+KfXVSQXHZDADjtDNvP/eN9kFA6leAUK9KE5xU
TTOVmOEfk+OuSHBdyTPZMhIZF3k1wLBSxnmNRk8rMUx+jDoYWjc+F5XZ3gNogwrj
VcgsnKBDUrGqDyRiRVuJCneCmr8a4Ie3+4Xdh07gMZ0jLsyEKnPgv4CaLbCWu24g
XW/QQ4V4Ip3MKmyjXwMx/ug1SOr3T48alRKTvzE3WlrquSxlbLa2syIbAg5zcQ8P
URqfsHiWVRMNdrSOFLJk2rFNFXzBJpIMInRK1DsVW67WjQOQPs7SEIyt5cF/6R8U
RPFXg77fgjoIcNWSBwiclNhdcJ8cFUhRz70RHeNl5f5HEI1IEKwH0WTvjssfqoUQ
qWvjtu+jZG/G2N/qfZUN+1qG+Xu+3Y/zVy/aqB56wNl8AYeclWUsz/3gBrmsPrtX
xK3iDE0qe45ziOr8EjWB5p9M80AzwhPehGZrIijiDdIitiS4aTdW0TgkaadIp7CY
iUSQdJdkf9DMtxspM4s3bWPugOWkMfFP2gS21yqJ78mFjhFsEUoPgoriCj1UxDdc
AuJHrQcrpLL9QhyHnVZ8kp+MwxMV64wdAnq6xvgkS9bHk8tum8ZNbu0kUTMjWfkN
ncuTWUPGtPuUepM7FI5cAiZr6CzECinkKD1N7zkv1hdjjrUywjYYoa7DrltzeSIN
MRmwjev2rQvw+nfbMteFIOl6lsbVg1cZ3N/mmIjmu7nI8gsK5IaXLGEsW8h4echv
yIJOuN1pG3XKRbHkLtB2c58MFb9dBnlZ0cL9zDTZYzxjL4Je2zMmcAGPo8mUQGaa
c9q3lr+nOPiEIFZX0i05vbsbrZW0ZkarmaMYPibiwV89ZJFPFszyEGbvXNDuWWM0
PSrQ4ycBJnjPlooEk5bFGan9NAWpYab1x7g9gcDY4XCos+LhAf2FIkR4cWzgrCzv
UATY4RwzvY5YSm+KrdKNRdYy8NOiP3g0NZI3WWAixtsz0RZS3efyY9ZKg0q5T1Se
1NGUu2XxPfSwgp2BFReHFjScJ1Uejvb3MoUgtEamKLHPNC4AK66NRWrx1+hX5uRB
TEX49LIuFZ0oBqOT0wx248d0D4JAWzSSj6Aol4iyQeYURm6Du4LCHMYsYDNOVpuy
WAPdHVcHGHmnNvFniMYMxJNtR1Y0VDayZHSa5gAu0c4fKkYI4Fbq5b2jsu6xoZMD
R42Av3fQK736wtCTD+sgqDdK+69tWP4iAvb6ZHnn7B95TwtSGRAIVMkKL7nQS7at
tdAOkJPKJVtC+Nog9RttmGNHJowbs0j7CperrQEGreStnxrAOIzujs9ccOg+8p0x
1nj62wHHl/zy4zXaexOMNF+KHz2bg9EN3lbSOESUXhbkc18bMZyTKol6vAuMNQ1o
iWMV7wG1PlrMRKdluX9AYdWcg85LQhMlVOw6C5FaaKbhyW4cflA18nvIxvAjyg2s
UlwZjMXLlZvjIMpW2X1tzq8yoJKBlt6/0/ZOi0D/eEkV4WWDcVcR1wY0G8poMRLc
ngjUc0CysHBCAyjAmjoCJpbJoszMSPm4pVz3nVsGRHiZ7BH3c/ib9lW9SjPeLU1N
y70x9h7IXqnJ2aOxHqXCwJGNbf/YFbfy0k7B9cLLwdQn1dkRZIR+9C5B81EYeB1j
TBly9/e4S6VWuJRn+bbrBJ64tTTBJpKCDF4JUBqXvQ5xI+WvJlutWoTBtuDplmW1
IY+t/+2/ExjEalBEjIc0xJ9dYCeFuyCfGoyq+A5pHaY48JEKRRrn1sUybrp236yM
0NCLan2n0Lu99Sv2zeIyr2nxz+UwChZoRdn+kQvGU0Ms7gIP6FDFOho8UhMSby6R
WQkgsjCq4QI6gmJb+5BNh9+3TQ4L4xM7h50sf+b06UOG1eearUqDwV8n4rJaGEs/
AzUUuMtUV/Dz9uIznYCr+FbOb9+UIelipoVlserc/ld0CHJtEr2ytMHpOemd39+a
JiN/ZjcUCTZ0nmfE4zkCDqoQ7Rg4Nt0e9L2sYx+b4sDaDW9zOHOLHRrq1SEW0OHI
HVMO+onf2hZ3lBOYY3hTpmyN65RLKvXlHuELrkWZScgiupMj0DZ/ueGI1LipEpw7
g/u728B/qVsR3OrirD0tXMwINlJILo59B4VaKebpe7Ufp8bmV+DDkq/cA+ezqAy7
uPtM55WR9nXptX0aKHI3ly/G0omH8OeWvRGIm248HJjqmNGqiAXJhLC+vSfPZ7OV
5MMV6j1DRFiLvWjMm12w8sTFGSUlyhX0c90KzxfFhXJ64esTyOVIDmzBGVjXwpjY
WU3Iccz076sEn/T9tABZz/HOIvvFWa13uKCugbCJigbVfcAqNTBBlp1f3swG5ije
Zpt+wXAcD1vfuapY1npnlT0g9Q6tuU5m9pQYbNAcgmmU29pEXVq+2/wIlyjrP/6U
ExL6GZgMOA4Fwbq34hD/CSW3d81hys8xuQB5S0AC38n+0hc7Z1E9KhGy6pNM8jDy
+Qr+x6SeGpSdLxAYukLgRcNQ6FT6thsRnsT4kLNy0LBT8jjOj3LcY2T7h4RgH1Ce
zzwb9dqDBgCCx61wmeBpCjPtCFri4GqGPqXwVi2ckJVYMcAvimk4HnzFsJlnW6ZP
/BXxbGP0YxwKHxsIfEnNM9EwwtteYi3XXFYHhfvNngz6qwOtQdhhFbwVY5tHJBBy
Elux/oF0zyp/CBhByst/50ImtsNrLS/GMxtoS+tfAA2EGZYGyvx/q7f/+kNeoN4d
9KyHP06tBK1slJLQwj4Y9DRlqniSkRgvml6L97EfqAw5i6JROO2MmkdTVW0g6mL/
ZdHm5W4CdBy/Me9jgC9aw20KSREh1TRPMxfr5cq5S4+FBhNoq1BsCBZ1GczhfaoV
SmAL8Yd20OwyYN/NVC31B3ZuEaMO0fgGdYIT6E+ysmwzcqQ+Uya9nWj/Mo83u5aH
5o0fny46UTLhVRfzX9OoKcWoxO7c+lCEiRUzlfm5a1MeCQRoW8DQ0lVAc7qnyK9c
DDAhTEaBOVjrHnOgsPJD5gXyufGyWEUxZF+scushF02dNuX/Yk3/d8viXVxO4ZBO
AmD4b68MESPyWMBGA/0JKFP5I/0JJ+I98TDj4HLM4n88SeBQqOoHHtRNqv+K+9pd
PrLkDfeSj/OHIEBj5M3VVHRYUA1g7TJt4ktufzu29YNbdeHnI4EQFKG1Vw8KFGJC
XpR06QUlE62VtX326d5UXwiwTsmFLuf2woTOIhuzJ2uNjos7L2GEL0hMtZND+wZg
olpqvrhkC2PCEZEVQVVrkk9w96zJcRvY9Zb8xAldRigLjFNctNoajY1q7aKdqtqN
GRKs5+WHM84nFtqrrt1gg+ivB3qHibOvB+cgC7/E//jhWnsscMhEuM3Yyx9b/Cp1
M0fy9YirSryiMICl1FGhUzFeKOV/aFTtjsrev+6FtE8CnBItjCnebzztTC5v7S18
sonG5UY2/i/5hV/Sm67T4xgYc/Hx2ZSGLur65Ra2q//oBZPSFBgXeqWle68h19dF
83uvjgAe1hGMNyIIiFrjpQ3ltAMBzpW4Daibm+7aVsb1REfxnSK48I4Y1RHjBKiG
ifLCZMPMjUvjfNvyznZvsrZNsuapryUns3ENTHh1RaJ8U+lcP/SSOhRSyoev+YGj
imH9eJi5zYSn3upKIxazRrBHa2fU3GrE0oNeMxanvfg=
