U2FsdGVkX1816BGsveuPrxrKYtRzz2BlvcoXyfyx/Ic08eOt1KorFOmEKAGIARfz
hCV768hNW8K4gXK1GQyAS3MdFN6bivzh5LEWyZB9EeQJJEfIIvyhVT5XmzcrkIv+
6jc2YyBrgx/SaN56eBv2/zc50/0TdpP7QQFtn12H3cjqecc5lERlsTGzYv0c1bTV
qnBfrszu6Hmls6weSiarB67zTW2bNWJ7jBcNGDfY+dOsEGD2UAEvYp9MbzO6NdfE
F0+YRjzEb9r45Jgf9sRBLlWpHadEjif3f9gQueOlAGkBmrWnJJgt5wo3VZveUyYJ
iig7ZcnurxLuqqBVRAFACEU5lEFnCX9JY/xKjkSspPhE7GwrgRgQMJYV2famin+1
d85E9T3kJACM2/fGIP9c1cSMN/eIRHSBE89/3EkjVz0+RsulM5caroBK3MFet4vR
umhn6OaDj/SvYhLWsWUJ1ohfwE0elwlRHuRPFD4oFI92N11h38vI2IOaUT78FhTS
VuEmMA2oEsCgKy2tr7fLq+EkpM3LRLWOdWKK4wce+4QQ3VJjMb5ERLbujs4SiQZh
UYrpH2lmfl1mD/GM3QrAUUb14w4ymaPzm7Cj81bmAzU1o1xrbsdHEP/Nj3FiLl3p
0vyGteSsGV4ScX7rg+xRFWbrnUJ1zDSGkgVAhaLLF8S6FxZH529du1bFxplSk7lO
w4vcR7zNtqBqJcwBQqWz5uvrTRCcC+nm2gLt4+Epvj6DBMBm5lb4S+5lYsbV2Lv1
8zbA9AJfzFXnt1tgCb4L6KdIx/B9sHVkLxDcdKJeFGamHcLbgt5TyLsWGAxtnWMQ
jT/7FuYQjfDIy7Iv2db4V00kjbLiN4PjHFhEP0PgOWX/d3r0J5rhH8bMDIVnXVVg
hVxLzeU8jtIFwGhUIvteQM2+eyeSwzpAZI6Ib/sPdHy3JEpAPMp9Z82BL1pG42lM
FicvgT591Mu8Yvtfdf3P2fFarTlpcXKHFx0bJbHrBIajqb52XhM5o/1GEN+/0ogY
awDF4mCz8ptEINLzGxkVCZegRI15c8y7cr7+tNQ1eZqV6F9JbCn8Q965USmiZ91a
ZghT4LYTiI5k65sAbJKsrABffO3ks2lip0xpmmCCaYJarBfPO/+MPh5zcc1f9t8c
q+w4S7PGsar8b9bLs2w7ZGHM3YjHpncPFhmtF8TvnGigx7AcWAlagy3BCAyMQNHh
4o4xbRCusmwr73d0SQrAHdHl7kIstNpxcloxbPQ/oid6V1SaRuVC0lUSAE9yTDkj
/Q4mDHACYTtvgIjlK502R7/f2/uEROC0F1ebdFxuRxrIO4NYpKbzc2ynBxYavdVZ
T76iIcq+teE/AmAbRb26tBIw367UQTGDGb/KfRENAxKpM3nWSZn7I3jIMzpAvkyt
O3n+QlVpdzzucq49coTNK02IL6huiiHO6I6tvgNGdWI1AdHO2z01pe0GNag/gPGJ
5dxCsOMDRg6p8lH86i86GYkH4T7UZ+Oq5wukIi9DS3CmjkMdrQF1yfh30Gpy7mbw
w6DU4lgBKC5JwatHfBa4sGx3ikC1vQfjE8MmIynenNedyLLq+NLOgThKuaAYK0rB
saZJnBf7Cw/ZiaTKCHz4A2nl6Eg8vijGPp9vj7jqoSs/3nzWfNwMW+z1UDsxRXQG
1Z3qwkoQ65zjTc2HfqFZE5RVhN3OGpwtDqPj1fK3L+ilhSRIhp7YEy1pOZUeXyt/
mAd8dnucQfUKYfH6OCO4m41NeVHW9xE13CWbRxVWwgQ3yEdfaJYagCgeSxRN23tj
j4vccUeFdN5yKhjHGECaClBabWdxs72ls11cu+HqGKE1SuCm2cS8j7n3tCBi1Kz7
jKrnDNXkurMPhWznm9+yeuX1WbO+DJIb2widknZj7POE7YhAXSr/9pTHHw2SGeee
B+nyW6w6f39CQOiJv9rcFpIDthEppmuBq+BgPNyNz8jLVYe7ZBz47Z4Y3kmGur+d
vHMOK3L91/TKciqxRlwCx2mXLv3Ui/1+F9Nz6PyeeCqQhYkw77QjX1p6DbheI0Z3
RK9OsYYV5VHi0ULQmk0oSSR1GEIluPt84IHi80L7A7uCyxb+QNv5F8/6Ml/4V3LB
lZMltUkvtjxxsr7CfAX6kxqU7Wovht0zwoVAWzBxfBNWf+fGBgmrSuM9Cho5nnEK
4j0qao+PNC2YtSmLjPBFewc9g3UUOEhNXycf6Y2nXBmGxAwVBSSv2ve42fFArWrw
AY1Bcj82p7A4HamqFh1b8oc3XYBm0Dha5wAVz86KNoX9RqBHTLhSPuwRl7SBW1Cs
EqwivlL0EUOPGHL/9GhJU4ZTKJFPw6cu/P0WnJdWzrGucv23ktNEqEbQQa3wkiIY
77uXPsyh/8u+CrXVCLnyFB+mUGrAn9aq+cZD4XckLcXjl8cLHewrzuHYXsYmHZVJ
/Hxl+THHyDOZLp+bLUykA1+0eAKiKz9sfkSHBanAVQrU1Tu2J1Ho2it0QCnCG5d/
yp6pSOv5d7ff7GrFGK8QihFPD4RidbqEKSmeuIbtI3I1jUJTCYm/EiG7By+WOond
wRytvFKtMqbhONHskPlZvud8srKlx7GSv4dZOHIQaBDT2cJlXc5hCFMLaF1rrefA
KVXiTvdv/M5mqiZ68YaIfqF+zZdBe2Sdfa0zLtvmUFzpBPOafrxeK5mnzWrjjIDx
CmSjqFB2xtg0PED4nqKxumScLp8mT+ccUBAXyLWOk6dS9JBxGaX0wloj+bV8kwBa
QWjhOSxyBJxY7NNNA35aS8rLe9K1yx9TBP+ojhWi0qMerT6gSdX6lcLOLIYA/z6A
S5WPEOF51EvkCD5aUAmlYdKOo0EXQJ3Zs4qaxIOeRjFji3MCEuXjSnAdIZhFA0ZP
dpQOjFVgAx3VeZ/l4swPy3L++oJT+4xVt8guxLXIb0kZjFYvEqsuwi5hc421L+0P
+C6/nNT51XUC5u2NAlke5RxJkCDgTxpK/mQtXHfAiIyuxXMEJG6Yb6tRI6L0ZyRu
NG5W7CB555EGR05Pw+cs/T+1VoyaThlLF0onf2ijd39dC+5lg1l/jhYvMFwoPwuU
C4vUTO777HMTvzNz7+QS8R8SNgrLjR5cFOD0nnZzij6Mo/LwPLQFX9gOeCiT2yzw
Ra3ZIqdUpwnCogRm6m3jV9GJV5vfeJlTWK0DQYuJku4pplAH7GK0smCc5pntrm+F
xn4MRhxK+kPADeiuJL6/xswYMaYFBT/xG7pttjKSr+XOSJI1OsvGLtajd4G6G3Fg
y2hcIaC9cDDuTtGRo0sKBtgoFmcf82XYNSj5GiF6BXteIhZu/kJJEAeO5frxCqna
HIgaTrIEQzZFTpsMLnu+r6T84i3EhlZZTv/x9HrrB9CmrjW2YJG94Rd/Fhi0FYAJ
aQi1UttB3s5gKKZEAgrUxFBGTWFl4IleT7T6floYU0B9GiEgYNuKDybqtCK9DPZz
2C3fW8WnFFczPmcjLSdNrSXkIYwG8msSE7ndfziJdqie/f/CscrznKRlcBwN/kWN
faS75vaCPqYu4C8hay3ql+AfzDpCNQehdY18aNambE8jvicfrt9P2dwaAzhwShCO
cN/JDqUu3K2b68fmQGSMQIWkPpYWSPhhBrLLWToWg0e7qdemwMQiRbnHIkcJH3PL
8xBkiSfEiWpdqGXzs3rEoC3rxhuSMdGn1C/0eKFsGTrhuLoaXOOsUiCT2wxBEjQG
AQxsFGRwQ5ljJMxXf14a3hjCJdcIdiwFWW29FfI4Np2lZKFhSUnAGvr0lKcMIaQO
EQKxxDnJBylKjMu2zrLCIr4BUZTmvpO3n4vqhcP4HXqZhDmfAoCQGklKZWoJk7OQ
eJ+c5FsyhiRrbhRbHdm9aGXIwg14A3S/Fedo9M4JkokQf3dZ347E3ouYeZzBnHUQ
YOXhvhO/X/4+kyvFsGLyILiBvDFORQxm4JeJ1lpbUoE9yZs0+BLXRbux3FbqXSNs
B3XxMNrEGz3hjhbjWc+aa1U+jqp8DfSWN0nO1MuyPippyUUpLEz8pQJf5m6GVB35
SQqy7xg9uRHxrqiR3wkdhFYVsYZgWB4GUsTXpBAOJMeEV0fDiKgcnKZUKUqRBrHH
CYGVs8m+/f3h6p+ENSsLPJgsQuNjnxC/lGoPiNrjLYIR9JDxW0r8v8JXTrVQ9RS7
LbPH//AdZbHXGisa70+MhEb46xwuTL0SRdmPexH3ua4fFgCI8kZFL3LDGfOzXR3i
KqiVcVuaxINVPlSbaoutG9KxAVyuZCYOYX55U7ipYXaifNDXh0Wz3JFRbgmjQRp8
qknkNFz9FHFy4qz08USutjDDeHDohw7X/CTwbqj/vXXxp+On6qBA1mRwi84laRMO
uSeOIWLJaxgpALlNKSUlFakX3NPjoiF71MABuwi91WDB90uBfN5oA5fdwRl8/NbC
720271r6tvTFyQuHu3W1MsTbKNfOC1/GtKnigxuH4hxGmgRDuUxjoG4MdhiBO0g2
qEy1SK6fWefBiyxPzz91NthQ97iR/7p0GMi5UpsMxa0Or5S//VLy/WwtyrBztGnD
ewTEAs/WOLtu9gH48RRL4n5NL+Nu5p5NT/vFEIdOB9EIfhcvm/pdGOMsGDzSwzzI
zyt4RmMpFJctzoLnYHX19kQ1fI9b1ldABXgszqC41/L4+Kn7xEDGQsNfEErBoJMz
UII4txyv6zh1i/ZhESmWcDwggVXtClduLbP8DIHYMPDBWCcdx6nUyDzthQKsNbrK
IWLS4Brx+YQ0+rmVLR+3G9BHgXfPn59lhRoSTlIOw0BqQqQMVFTmPyPe8UxZ2mdd
mVc+JqkhDtfxBahTU9rlyKMAf87pJ0QaBlfzUv3Ccnp8dRSbgOyNfrYNBWTHVd68
Tmak5Rk6BYrMjQW5acOBCwx+rLjai3kSRBmXc1le+pE1D0/+4h4CGbHZmTU7H0LC
5Sfs/ixOPbefM9zmCNWR55eyWHZQlpIsBriFZV2gI/UUvXxI0qfNS61JcId+Aq13
BxLfXxpkHj+yLEtKFJO9ZcNJhtPw4FgyiFGffxQW44jxIGPlT/Ofmnw060UfrSva
Anz05gPSEiBs7MJV5rW2p1tXedk+P8YoAH90x7vuhxbLU7QcSglrWoPLgvorHdlE
0b4S4JOt5DtIuRAzvKmMAMkrlCFaq+Now0/g6OMjheDpnWsxyXzO+7MPQFGHSMT2
AZSoIY9+IEdsGdiLNm0+g5N3rdA4HguS/TUrPOB17ZLx7UfSG39cIJgVup/a/5xp
S+/GmSdamNkZkPHYV3VyKfiQV5Qjr+GPYDGNURK882KjIGr1L14Sp4m9b5ItdLxG
5Q440T77AqhNsreHDP6CqE1QyQiDV25CPEeDHpglY0qpbDxrcFA7yp3t2+7iPRyF
zEoh2KPGDIhEeMh/CnVNECG8vo62XzZ+prBRdIpT8KjHbm6N7bHgCjm0HRSjelUm
onNaL/uf+yBnrY2wWWc8FXpZjXuY0/GbV7nqdaZlenE5WuJITK4L2R2Nrigs2Yq4
FyEO3fYZYhH4WdTZOD37V1EFKJc7ZDiE9hkJTgDbAp968plMiZLudKV0FYM/I8+q
4Z2Y921+wLZqtdiItqd8STO4iudPvnBNLh++jmKQIJEBsHsrWxgW9NrLTkmBjK1y
+8RrjwAy/S41oAnOUHCe6ZO8VdkngHa2PiOYAm/xuPYIIUQgusQy/XBW1c7014qB
/ewmeWnXkC3+h18+9oWddXFoAxkF9IwHXqVySyRNakkFIZvN9uJY/Hvqks2u3YPS
PfYkMWDF2Zbb9+SGYxtdfzAdmyaklvU6eS7TwG1ER1+A9HVL5/zTRvG3Va5O8p98
U+f3BDKI6A82XMIWSgSdesEGM0ThtgRwoaNL93OwYAKdvwPybZ7HqOixaM7Y8NsS
yqyKKJwLmpEbu8N/IQhtlOZyC/LbiB8UE9fMy4Dliq10P8ULAgGQKw5X7oOFpJcw
erRF/lEDiF0As9+CFs5YoLTVcER3zfKpxzkpf+jLsmeg9PbJgQcumOyLSwCSmvr5
h44RjyIKUqFgRwb0XH0hO7tZhzBk+G480ceBs80XHeTkHWmt4wMz1BozlZGlFANO
ywlCCQg1DPlCI+QWYxu4mDoljCpJXFq5uipYjROR7pzk/qzWqcuXxASeqgtg2nux
26Q7L1sAlHtVnm+T2r8bu0VyJgAb53HIPjWDcgqEv7xCFIeJk27W6LqjfiUPRjm6
AjIn+HJOw5+UDOehIq73ldf2n397oAEx4hGIIHM/oqFXjrCbjsFBTJBo+Dt7lIz4
N+b5d+BAW5nQW9FSc0NlRkEi3t8DAiHtjeDd5TivBIH8KpOy62oHpGzWjvS9i0AD
5sqCAhDf568LGSg2qjGxZk2UGlDdqMOSIN52JL4I5PjvnJywVX0RhHPUODsOpAqk
O7rsBztL5Uqr6GKVxZWWykLrX3uJ5zlLRtF2oEQD7jJkKFr4S0UEvDbFlH+t2kYw
FZUU9i2rbJKps7LPVSzhSxOSqsCiMLffKJ+Qs7F63h2AOpoEefyWzYbWUjC4Ogmk
e4c1YehRTM2dZeI+3d8N8LNsP1McznoYlVAJ5u2j+seoLE0NWZPnUL+Ym5HykdgL
407pXj4eSnO2tKaJhAANJ2CpmHcozQ870TwFU+nJ2SYr0y+DyHz6WMn815jw6diA
nCRtEqX1NCBBZ4JjHcGZ7DIGKqHt8/KXbkIuqSdrU1QVb06xIRWstiUQTu0WFzEE
eBonibZkDZ97alqzhJSL1ZQoQ4HdDEzcBBw+yHltosO/wF5lEW9XPby3NDDYE2kg
SJCtm0yOaj+kVZlXAXUd1pURGwp+Kbi2KvOADfM1x6uNSrGR6mf9x656rg+5zRHE
qLRbN+8rvYlBbgUx3GaX4cKSzqFACqKdwftWd3EnXQqPoa+vWWvRrmYxiw1rCN69
J1h9r+2NnyywDez7aCwL+ehYee+P2aN4mQVXpckiTxHUo3gY0sDAT7MoHkan1efk
iRYpVc8tv3wOKd/dGdEz1lQaIBI+01t6UDzGfvVTR6mlGLXVosjVEV7qAJH3np4W
hFs6w6KCyjmIWDuVB96+UsahN2pcpcTyJqD953KhHtFvT90HIo2zDLy7DwSv7jvX
V2Nur0hkLgudZX2QDFbwJ4itxJ68Z2msWyza90gzxUbaWNo/snva0A96lTt73V+t
MBDjW89oR7MQjzjeBd2AqE47JVdYDNc9zcujP8y/SQviWf2RyV7sHrX5jvQeh0s5
xkv7eCSkSStW9K9xSSiWeJjPbXOWFSb0Yja4XQGQLt08R91hzsCreO0FiMTVrmql
uHPIbKPHx90+rvxCUq16UMj+Zi2Sl4jXLkYzd9qXtmlySbPXTy2wL8Qat8iCoDLJ
UxRRyyR9ME3BOrsFE93p0cvKV8aD/vgV0If9EQ6sHcO4R2KneFZ3QNiGJkM6kJVF
O/v5SFGkP9vqRyP/lqcdllDw3irh97zXwpLbkb1TGR30ZpYDb2y6EB9xuu2sbNbs
NIRtSr0zwdAuuCbePNe0tEHJVrQWPhUpje8KqgLAe1eNdlIQZxUVGwVnktj4ESlH
9PAyxGzsPhjcoZd6Sh8eSELypVuev+3yMiTAt2YHPyu1NR5lmuw0tmMPxQehxj49
05O6/8osRhLcrseU2NuwwmShQ1kfsbmmRhWRQXxBet1WRjkFk6TTSU7xToMiM5aT
LEoXNHQ4utrUPKMzWf54vDz4KhDcYZpATLMxcH6eLhm3N1BhMvWD7mgQocAgx2NZ
Fdixb48mqt0wE63Zj7QyUGRqe2C9GMHDuKvm/BSbVH4NYXNZgc5EE3U4asFNs3pF
0+H0nF7/a/hAwO67sbr9RcyanMGCeyeI7sJQii4/RKu7gPGaxmPGBD6r+GLlkBcV
h70z7htsnN7le0kYPhUeefGGvXU29euO1GdSjM33qqnU1oriddlR8SzrQbc/iE0U
n/wdKWueuY/6it/BU/rQNKwouLV3iScTDZePliI9Ufz42J/mpJSRxBKvbqAX/74/
QCb9YmgEXTHt5JB5FR1UOZP6VF8F06ftC5aQg3ho7GKE3WzDzaukP/k7Z5lrSfIr
j+WJg4b58Z4zOk61r1UYvQ1eJ3Mb9mSrTFLYKCXlvDj3Jz4F8umWhAm2HVUJ8WVW
OnHYsThU0MsyMDe0pfweXepX6fogtTLmZlBMpHB348rXJkSZssdP4uwMfzP/luWK
yHQZ/0/KotN1DUfVfI2ib7OeEhi5XVgneTlfMSiPhgzyo0S0s18uhs45Uwg9rq1U
hfTSdWeuS31LztMT+sYp35+93+1yuNbTDsyOqb5w7R7/y5QoL/3lqVua798jscjJ
UllroNOYzHE4D2vT0Mpe5PGccp0gFgpRmiJU/w8128yKHgO9Wf5goiU9ZS8NgWjj
eCbF/S5+7EICkg/UsmYC0zGgprL41SitrUmAWSbqXd+C+GKTgStirM+6/8jDsvP9
52H3/QMkEf/DCwBlIdimRA1rUOpMG4Rpfhqjdzj4+VOKfBg/BAm44a8yHzzWD0EE
z/Agb6T41/t68ssWLhI0SPANUFoRnsvkUs6wRyAq9nQs/Sq66tlPfBqw5xrehNJn
LCyL4+oVjNvj34H+ujRg2n/89xttD1wCEQ2WKSIeXrB5Wq8Tavfcdmyawnab7H7s
spLaXFpu9EpfPAhvtZ//zDZVGRqs+6cDMeGAnEkWc7FgYpeI1+oTreM9Bhic7npE
s3fGhWY9DAkh28l3t318XRy4r3Kj+IJlO6f9Qk+hpUsL9cD4fAWrFT2InTZuXyYH
grMw8UMtNDP9mRHnwF9aiwh+vxkHt1lKRfd0kS/Aw1lp4HNrJJH0zZqCHaC0g7T5
79CWLZGJDueU07N6iUy+6VNcgWrq/snxKFZfJiMXPXcuKtBeC9Bh2p0TgEONQ5ZN
kYxp4P38KMNR+eXj8kaO8b8W4I3faWO+iPsS1o4tJt4GGLFoO79FsLSdxYgPk0nq
63X3o8hqzatbuShWw/HA2cwJm2RUefx/izPeYYUR3MtoRmVlkj4YZeHAumWSA5/X
39bnxEz0Fpq0LuFhVZWXkXNgAKHh8NokXIq6LiDFT257xbr+cI8q2ncrqUS/rOKL
azZG0X+NMw7NCCKHvde1Rj7NNBhAyZW/NmwZ7dvJUdrIQ8g2L0whAGTTdjrsgXUz
geFPFafTReMKnuGKB4ES40VTgL8PbfYliTvIc3NqQTXPZsoTsjDD1zwyCc2MKjP0
JCdLR0fECCM8JX1tv2K9B5QwgC6BwZk4NBJTB/JCmcnSqfwXsw+/K3x1pwBiDcYK
XN2ICniLPuj03Q2ikFU8Z6QznzoKK1t6A/C1WDkhdnvsjAoAX4YdnAhEUbTih1rs
xnL4GFz24bq7R9/WLE8CSUxuUBBknIp7uyDLx71bRyMQflYn6WufRqkHx58vdJHf
ut8MCxn6W7+or6wbHTtUYaxrS8qcFuTMtgHqD12ZXslv/+ClTlxk5EFgFS23DN7o
ux00Llgv7DE8alg2uZ/lUcrk+muzBK+wlX3DGZoqQzNDac+FFEHMh/ZMDTgSavlf
YSZFzfTwwp8ZJ1iFJI+aTq6m1I7E+8XcS7q+cGveE/KFW/GPem42CNxN2SXTh2b2
BwuO5N3ON6NjO7expGj1yfvoi6qsmwavSLxOMMjNWfdojw0fctZEGr0J+nXoZTke
44VwYhmpLUbmtICSyHN7BD+vPnkj1KoXXtxF5E7cCx7FDCllg1yyp36+hKxxWVWc
aqDQZK8w8Wm7T702XcgbVr3uXpuBZfrSJXXvynu8T/9dTt19b5Kdmr26DC2AA1Cm
lg/rQOPmVj70MWbhWHmGnWzN0vgDb8K97Su0TuTw6i5a8/E0HrrCtCmUehh1L+Cs
j0FxiFFv8Rs7eyL6/rl75F7amxgIYKVtKglvKM4iayQBi4rXZJTJPbxDlkX6PehS
lwrAO+5xkoeQyYgj/W1PxpOGQrTb94XOKMsoNv9m7cizFCJ0np3VH6BccTbV97vR
FfeAuqvRR6Cewgu2dRA1ZboJJaqyLFk5No4doL702aevxDYhwicxlriDPS6yxnV+
FEsXk5tiJiDQwwssdT+rDqaSd+9iIdQEZCs/cIoxT3sfWJCFuKATQIonyBogdYcL
GjzeWAulSiDVnR2U/6P+z9B1PO5v01FgoCzT/Eby7SV0DgjrExv5EuY7+03TZ/op
R4tjEh9acwRWt7b4NrGk9UWZTYSi8oZXG2SCpAtyQkDfF30XbXsujxQUL4YYWU0e
Bvm4whEGPkaHhTNCYKXEWgCshgziiqA2g3307n1z6m68rSz6hNaN+dja9r8BA+u3
lnIzLkRH4mfIp+WzOiCZcnlTsxetkdLd73Wg060Kba7asS4M/o1P1rvMnzs9lu8A
F5x+2fzMcDKRkchCuIsBqhDkQl38FvNfX6zM+L/VmQKyn+MuriBbs2IULRksAy2y
0ZnjFe2cMUT0QkvtQUluXww27A4Tv/o9jVc0NIUu278CnnZZ3giXDBGDDZOqTyM/
Fur/js1+Z3hYYuKrGhO96+o7k+42+XI6xdGOJYlUNvQJUzk8PmMs+9DRtiCHRZ3+
PF0JaFlHDk8QsxZMENl4vUvy+/2wFSGEbWgRM59MezRPue/adwnW805e7EDt9I/r
F4GviHlIlkE0jSUlF4N6JXgeYdT/D85n8RbNqJjvfaSBRP0QYjUg5tfgclnp2BOD
YcyxQ4kLXMTTEpJebbMlc349kNr/YvKGCH85ZWy5w2ZbHaGyF7zKCq/oq5GXrqWK
lP/o395Q/ltZsLUyuP8+4do/GDNYH74ods/sGsT5/1wwG77bgXkb8n6PXMKgLgKh
TCUkeVeJ7055/faoWjmjKzIUvQnkDobbv48egqiOAtyVDdKmC4p8W7RM6u8sv1TG
gJ61zi2Er8d1idrM/LaZ28cvN9revpErEWrsw4NOauU5RWeBKw3u0OcErQX29bqN
ZH0dq42k7qGQfbnSNne8zoy/GelrnfOn8FXyXQjv1pELWyyIo1O1UT5A3XnWAPBQ
LFcoOQz8I+iLkmnwji11GnMAsjedSN2uJJpJEmC76Lngxcp5kyl2cgkmgSYQg/+E
CMaqD/vRXRc9dpmYBrZnyJ3oNwWgvOhTMdwdPuKAVHH+pWFLrmGB9/yfUBMDI3DH
Qzeuh1db+9/VJ0318BAqEifTX38H3LgxcLEM9yUwVSPxjamPrHPWBTDBTvksTnGk
XBEj0N+Y3mlNsdTwqBR8gTmkcBTwTpJ71lW9K3s65EwkKwuG/NvF/sft8x4YNF+d
1gEeYsbf2kgtcIJUC7VVXJGyU9VLGa0d1fNeIkUWAMslvNRZAim05Or3VqnQ1I1r
uLSIw4XlAWZj7qdwnvDWrynOweoYfKReHx2MeBZ3ffU10MRLwazWnPdws7kET/YQ
XVIuThnTNumfpPBczy4T900XgbwMv+GBh/+T5/l0TDkvbX1ZcUmSC7M5/rEoOXrv
OC5kOusidGNpXP13ITsX5b73N/nzPFuNLR3tpYzWYM5V0a5aKyAb4hxWj8oe9CcM
7b0V7aVOJ85lfloH7MsJZGTORI0d7KKEYSpkqkWtve5rhE2c4rsmUb12Fpg4DX8W
MbX8IgKNQ2UWoztjXxG4GTCrFbnPNrUzSjnO/+3mZXrAD3lI4NfXJApv6zfynSaN
1aL1k5CTp5B9OeV/od/6uQ3rJVZyH04liiOJJA7p26L0WlUbLjDZwKrtMvHdR/jO
pvLTOs17MbcCegSNCEPHjLhDPMFc/OEvcby++fSVanpG1CSfzGs1PEOensy9O/cc
krTXCcAhmuxvMOmG+4lt7vb0zsHmSJ1Ghdls3wV0XAEdwCePwCYMloYPA/brDZOM
0KxWz9ta1zWx2cGggbSNs4PNA3b2wvKuP4qZNwsFxZgPGm7hWnNk7zk36qOWhqOA
ZjjmNvzvAwlTfVpMNpcySFa1GKQwyHPwn63Np2lP+zrpR/1+S5GHeIrWVhb2vW2M
f6Lz2d6UTt3pskASN237dX56L4mDbAlLOl2p4WUJO4/qidqfp5qwP6nOgOONWFyD
LT5WvLLnuCz/fe5tj4O9v2qwHis3mxdouanHUwcJ4N73d/PXGC0ykVIsFgLmkEH0
Q9KZ+47A+LoWFf8kzwKik7muLDxFB76MzIBgcukQl/KFxwgQxkjKNDHUMzU4ryDA
BzUjA9UfOAQewRLBZqx77xKcddl7hft9CRF5wIRk6siSQxaSTMySFbBdQCLbGvqC
Z2LV3Zq2i4+ky62sDEvtxtgekN9Y4JgUAE4fiXsPpYbeCDSNVBeumP4dMdDnskxX
bRpv95uCuerMbp/7Tga+Rsa+0Co0V9nk88svwBw2BD+//XS6FWqtDpU6oenf+vVE
hhMKiYgkLYTYNGgZT9VaqBj8W13wxGQyta1H3rUJHNfldCPObxM59dXKdyzpITvk
Oj0nGzn6+6e100T+93iSq0A1RkZ7r/anJ+un+RIOnnh6ezHdgMlZxsdFL8x4mhSy
HWjlI5i6rkRt1vCAyq/1OMYXgGx8CiQSHYRNCQV2sALIp06ezYY91wXWZb+01sSI
ORQC+aQfJhbilBvCVgg3R8nadxQ68tUKNUGP+7dyWKQjA62QSnBjoOOJXzuS5fzU
znPmaRWWaf3oquoe2t03NpbudwpLcOUnAOD2GS0jNlNBu3C7rErL3lJoPyj0hLKg
QBDFQkPwLi70fSTCDSlvNDMG1O0RtSyYjrsSRapNitv6g+sOuQNdbx61G5xwxqBm
3neRKX1fq9Wp5Ub3oqk4G26+rv3Tj1xh++lkWJgsrPf7lK5YbX9NBKqneiF3DbVA
D57gwUNVZtCoKMZAoNOHd2fznSG1EwycJgtFuhnqrYScYlDopaVQMsaw2I7CCDVl
VHirpE7olUBjUvzDGQgJPq7Owi6ZFeAH+8ciMXJc87AFWU2d1XWq4hcb4B+yZJyx
GMEKkP8MOpm3QY6I7Wq403d1YmdhI9ZZXU9pScvAaior8by9B8GbRNOMz6AuYjPk
Kaoqg/kkRxoXYt4Kq5vHEBJ7vHx7b4zaJcXm2R9A8ceIAPSX4PcimRCWAZmtXJav
oyxxfr2HZClk3lIidf+/+R6fgDRlz9L/7SOLZM1TwwQc43QL6gowxBtfBmEOGBFV
uqnBuqmyTLmIkZtOcuMNy3ulCZQ0JpUbQPimyRL0bs3KdokTkTzN/TQTkc8SIFxb
nWxlH1i7noCs5/CEoczONPSpx+91H2fdAIGrlaux+sHTBLQlQEf/KyDl9SotTk4f
L3GG0+Smvd2P97/jceVnpCubO1bva89pclLwOdksU5LtrvHsB2kI2S+uwQ1DD1kf
LfbyBm4HhVLu3snJuO81U8ZEpNMGoc5ciC/LxIifSJ//YCm0p2yuFdGQX1gVHJjS
id+9NG15pu4xhGeTmjIX+I3aaVFnm5EUmxxLnJby96Xhj1w2GQEJwt7nv3+y3I2M
8YyK1diyAUN9lkGcJHuB/+SL9brxa/s5aQiIHxw8Hxkr79sSvLcQE0e9mR2p6L0f
YAHGrwgoKZFPwg35N6F1Z70Dv6GRkIDcOEFHLM80ZVqIyTi4DCSE/AdVxeP7ZHGH
8Bgjh6i2B6rO8F2OZZ/QGHa8bk+6ySgzqPFWkLQBeDFSbBfmTbf7oXlXvBcSx48B
uMZQHYbfEnkJ7+WH0zz/yU/NLWcX+nxq1DbLIDAI6SrMN+IfyiCMHd2PnqZNRAvR
g5bL02frUrms4Qp+xQ+A30BfRJvZO+8pBwCtTLlwqi5kTeB34yGxjBub1s8/Z9i9
2AxBuIkaMgg0LN4hWDxwlt3WToU/c1Lxm5HGJMt2nlIulkJ2LkHJv2yAIWj307sp
v2XF9GXG11gAC52aEgh6rsgGTZFOiDEnes9cBfARVOYtM6klrkkr/rW95MYN6b9z
R29g53doboJ9eF+Y/eay0Hlf87DbBtyxnmAQRpvNFAel4+Dr2AHIwD7y/79UBEwB
Xdh4MuzGsSi7LK6cw4Bny1DOwbkFywgNt0FzCI3x6mglnQ0Sj5XhqksnWwvtuT/v
VQ/KjTIzkTI9WKfGGMLGFeNK/DQtPZVQY5NyXJOY184ukum3m4+zAus3A1eZgTuE
TxGDzkXy8syLwfTvRJXfPlmYlNA8mjgNWxeFoj6VUJx2QhNs2y9vd6JzLNXSlJT5
OrjQXyUDfDJ8vIkq5zs5lVNYOXM4oFzmBUxC6FFAx6jGVFNKSnXOnxbEpKSx+eox
uWVu9ATwyg2SN1pcq42yVFSbAg6WjV3j8qVoNs2tgPCMJRvpLsdsiCgkRpV9+dDX
QK62B6wPMrvzi/hiGTEJ0O5Itw3n+p2Ir3TdCTAawC9B5975Eim3JQJCJzqc5wO9
WR/GMCjK/lOKgVNcdXjys05DKxHjC2+700JQPMYoTW/Mx7RRiVlM3cWS9RGtF15X
UfRoF6CiyrmQ6HrRnSQDsE/8xxpFrxPWy/UD1DaECMc3QBOa9GF2to2VqrRRyBoY
AVz622VhtyYkzuD5RQXDQV8+txN+rsUofWKcH8YWlna481G5W6Qb6dFvbQiP2r8T
UlsBI8ecZ9JXD9SM0zEdfy5wkHXabpCzu741rLp/BS+IRZhO7Dx2wbTWOxm/WLEU
OFAVlym3n6KtWdTwc3K8A+Xh8J+ZY94HtRCyOcfOkIln3KYfra3VfTPOPJseAeco
jp664TjALEaPY/FOECMRfDs8o/xsZWw+G96MrS3OBr0XxrWi24qG/J+8APKWOgb0
OkOycbSBlrRjB54XoFnWfIbng9Mi2Yaa85SEnQMODI2mPtO1/EuJuQvIYc3EPlPR
XpuWGimU4Cff0dYxReZZd6ojbp8gZcOkYw+tdjt6xyJTC7ytQubIQW5+5rWWH44K
eMAF++Cwv1UNyTVCOLtMSf0RSYbpAnJIUSIiBTxpT2EHJ+3QaeYIH1zSJyOn7G9m
RSk5tiX5X0dYocik+tLNIPnvflU/ToIMeHp8YWFyetENB2zMT4Yf/AiCeTc/m2BU
ZUenpedjt9XbUd/2zGx4alxljrzU38dGiBetRoyzsdKf0A3XhOPa1rxesXcmCU3W
r6AVSIk4D6SUYr6EhyU/BNkQJldnvo+HLnpMgxDyqFfG65YDPU2knMbnX9tAqZpG
ckOsH/xpowPtrhXiuQnSd5ikt42PFJio10G36Z+8pcBGjQk7s0ueMpuk+SnRbE9Z
OwgT8mmNidnKR7LiQalGnmhnmW1JR9oa5d32zl9uYmFftmGZxG+zBRqRAd0tvW5P
rFU25BCX5nNHfb0xr5zSzPo6jbG6aV8TnOp+XFvjSUzTS5XGi3TMaXKlbnzeLxMX
1mSLa5TZ5ADMUUCu4TQJ/nAD+fQ2Z1XPfjrqqNsy3uQBTTGVFplFg+z9V2V/n4NR
rZdqb9DJR4GgR3L21L0ZpfC4A1hhaCxfrmwjKlWoajvyHLSiDsa78udxAzDw16yO
f3GZ+w5Mv1L5CVQvUOBCjLexy39LERYvHaUIOKxumE1OqaGC3QKRLabAtYxl7DMu
1nQm9PgR8wY1Q7CdjA0wkCecIV8t2UAzD6Y+wcBrjs/sHL0NucuZrOwSjl8Y7DOd
E5c8CG3aY1D9siWKwfKDcfsFOEQZcO9DLwcaf/Rkdku0DEGXMxm6zCpTQhsR4evH
hvTU1IlRPm0/PYXEsvE4Kz4hGmbwPna07aifLuGkG0HaxgzNW55EYcxBmVyZ3X7E
Nnk93cJf0G0eGjPmBJ46yMX8Z9kA/0Qu3oWWjHrwN95rx/1wOnA+KeWh37rID47n
OlnLnuWaV2oUoeYzso8wYb3p3XAtzTYgCMHxVveufBYy5T5U5jyFQQDZzVR3trXI
XSOGhWQyg5vPnFZXOcR8zcqg+fGLg6xrQdOI0dgJ++COTfctMknV/omHTTbzIC5Z
padw4uy2hSEYDjJ6FJx3/DFT0sjHYvjBvPvp3VneFOyYOPx4dBmurXKfz9vXisBD
blylXuny09jxhgeaNzIqvaTi5iTjSEUoqeTL4b9VstUPmJtbLsHlgyZdQkzfDnzK
p2JSS77iLiC3V7oFCKubrQDUUnXooExoAiPZkiMxDoQTrJmInAwpfuNckkPicnZb
XBWtnPYqCtdv0aVzof6AB4ojd31YUD3gAyh64QGoUYdXlgtMgL10/eSx4A1YTnFE
RCZgEuTwztspyd6PATG+OsaJsSTCnced3PgMmTRFpZ325uQ4kWE25pgMKfuqdvZ8
svNHHAk0wobdM5ALZU622UyRKGV5fYWozGsoKG5PYei2JqDXNfMiMPhgwAxsRYP2
3XTMEq00ZMXnfOBl1nPoZy7gm5ufW2VNj/qwAF4iPb+sxgsT8eIGNauNUYhcD6NS
3y60u/kmIFHpVTBYPxjCICotOh5Nm9NwY+X8e2aVmYN7ZQkCiVckEnVG2qwxxta+
MDO6fh3ORtMjK2gb2hiF8kq+RfvWDPewPWq811R3jF+vXIRnQExyKqb5ydYqaBgY
GSRjgED0oWSbf9a16jpH6J2nPc1eZgKXf0AR/gbeArgGhSIxXs0tE+aMZkdzs4PE
s+UYqcCjMCPCcaQaMYiE1EAHG1Arh8CN8yv+gBjAvachniGAa1TNqU64zcYYE5Db
iixUf+ZPXGBIGc4R6sRXEaL+WRol1KFiXEkMN3SCoSQtnxQgJYZAj+ocCHbc3yDy
GWcF0HBcRvPyvj9U3wKlWb2ALSgzoVnKCwiOFMy31p02PSHCO8Yz4LUxfFCEevFX
yJmGUwSRFnEvmXE2UWL2D178r6la1FYs3+ndi11h/kKrpd8LNfu3IXyYHE2jNOB1
iOcF+8V2xkvAX060BbVCtl3apiGTdPl7CXUuIcflO+9kQfi7pZt6S5vAbsFY4tty
xun/6KzakqTUerKVX06aWHs0Q1WwAujUQEbPZ7z4r72Ct9QcAnAyPYTVfjNtpawY
ryNtmPw8dhdEOXAnowrcy0d/5Ik3EJB9AZ2uVGzbykbfNDeMyWPrz0ZOiEaamWZw
lwzK2o3CoaQtUwvhYGIN8GJ3oOWezJtT3BCfLcAKQV8fvXuf/Kj3a1p1VYilS9Zy
uvKW6IGNaxGOZFdA260Xkn7Vj4wqW0kJsFQTAGuNbCFNJf/kaOmCG1Aw52/y6w5i
ni5kTQG/zFUlYkigW54O8hx1dn1Yg9FMS1lwHOObZhbe6eo7Jro4Rk/1XMrIGpdm
zrid4MWCyYGjw/D0sjvkZLZiFNWAHRW3ZXJHyLQ/qUW78q60VcCkseLzZPFWice7
mCYypG3zcCmLloLCXa8/EcVxKmoB5i5xLnnfEAVKzF2wvX89rdhYGT+Qk0krRkNa
sLnTmMwBoOSRYAoGprLITWQpLXeAVm/jI9NtQMhr9vrZm6050/g/HLnQKfrplZvh
ReRNkbi/HAPjRI9tEUS+iVdzHMBteKeRLdhUEh+hc4zc0oUMOBS75+iW9w51Pdjt
ywd/nH+EZFNUSURvrQkLM+1dvy5NtJ40ujHKw+aWxPfFOstFeswpNwJszCD+PEcP
rppmpqPHpT3HKiAsE5iWuLQLg0TuKfiR4scpJ/1oSxmI+jrnDSXnuga05fUfMBcZ
Qbx7pMPifVYUx1QbRaL1NP0NjVgNV/zAIi5Apv9MGCvm3nCtOsHa6D9Z1BbdHS+w
KaAReXY+u5uraBZx4QNFPnQk1hcnfcywkcYTYGqmpQHg3ybQxNTv+OMc7AD+t+rP
UCTnCou4nXfOi161KmnIfBOR9y4y4uszwUE1p76Qjznz47saFtNqUZapJpA66vTB
rj8HTQXljqq4KMXY6N+GomSfZ7zM6zehXi2vZOCubkjwK2mwLwopQoFkiEuf3Ic5
yOK5cZRAGV4GKE5eZYPmXuJyRWSlHTb1S6GDEOJsi/mxyJeDOKRXRxcYsc/LVwFZ
MEaF9Yc3qxD3RYGpJRhd1gCVYj+PT7h5gXYa6nwCmvCErTsVbWOv4Pb/kjL8H64y
p2PkkEUCQy7So0nzPMst99gp1BKHv/nFZaJFK1YDlKOel+oYYq2KzWt8iCdawLHR
M9xxdcpMdMkPeRBpBhkvLb+xgZVaKfjblMBiefsiVRhun5e1+9AnOq315RlaNl1A
jwZmGCZXb84LYjHQPniAzNIq3f+KA5AbG8a9zosTSJAPuV+2kipL95nkvTTOLpYt
OvOc5GSPYDHxelore/9Il1/qz9H0+YHNcrSb6dZbq0E5Yre62Qq139pST72TplmX
p3q2LkhcEOZH2w7YGGB+XmPIDfA6x0OkeF99rrcoI0qfzgOi/IfOU42grYl586sa
yw+7/6SnjuI7xw/76Si5/tUmWs8KdbuuYSUc50/+Op6DG+U5c7N87Bg9/IXPuCMC
PQg09XmlmLLZG/3RWVLFZhFB7m8RwV7bHz0sgX92o6i4vlKB9eCG4aXpdT5pgVzA
a2xqFQQVlYjAD2lxN8tYT7yg/MvoMWBvG0i5qStUwFCORjL04SxWw4sveIaturxl
aUVdbhfXy1+vV2u0X89fe9k96AHHEQb9cTThchGLHlGYFQZJBHbCcocUKY1yZrjS
btgCRjjKYF8Ft4w/OOL09crMCOUO/ZoK2ZCIhvppX4PvbKbBgSEsTwJkGhpN9b5z
gkpCybV7hxcYw2bxwdV7FZbySunN98ir9MGG1ly0qYu9LX6hzBJ7WzUaOterOgyw
Ko8bW4tkz3y6JavgWGe7oLOQ6RBizM9qsFbhAD0WciPfL2glkCwGh44gSa800vv2
h9n3BtTmLO6q6C4RkyOMcWfG6imHq3+1ihSDP1MkzJrIL99ynQKQK9yytn0qSPRj
vW5HnONWzQg+mFYxWh/dWM1q+POI5+anvwhsmnalQdkaCXVMgHfSkTKYzHJ7SSb+
pMyvUF+TEMGC4d6c2bIiArBLfgQ6Aqwavm4xbPDfWf0OHCU6roj08GAuRVdO63uS
d6lvw032Le3xfnnXQ7+va2P5gTr3BXyel6V92dcpknfKoobrYLEPMbeGYt1MjNUz
KhmYaBr58pbvV06Zf3M3J/50MH6LYF2jW1ElsK5qHyro3mY0JLYgZc/T6DETPS4T
HSD+savBc+r09hyRmdzIwZljUvPdL21hAuIs0DBQfmlDHNNuKZqz06a2J0b7ejpc
S7XEcZw+UB4NkqF0KlfHj2P7MvShskNzWlRvmtL2iyIh7ycyCqQMCQyN6kx+K0Pb
9eKtHK3NVXfCF5GPuBVsqJiasKQA7xE85626AoIru4MofuE5IUgfMJFbUS7/OM3E
Mk1f+ywLiHaSYP/uUwUI6e/uYlvi6nT894eOcsEmBiOTjlQuPwUJHM16uxQU3VCP
qu/nTW8hjNWp1A6CX+UDSpa6/ex5z3gLkCd/gHAuH/DQc+dLEdOndtw3cHvYBWDn
n8cazketP0dUmoKxWWm6Fp350MEk/IVqqX6Dy4y7y2x2NISMTTMMzDDz2tvWYPk0
OSWk39peO6f5c3eFiE/vAH5MMvNKQ0ouHCRhOsZbf+9eE+TJR20NwmaFcikCBaWb
8VYXvgRi1xvV8UOcY/VzD67ynRjvQ6mkUsE8RxWCqHd3Ii/ehzvWmuuJFHwdo3Ps
Y3wrPD60hsH/dropzPaYgt6asC4IHpxIfiUXNxOEYBWNB6oI3ZRJMAjHGTBAFac3
s5tlQLo3TfyN1O8iy2v/FXDLcuO95N1T/D6AQ+IjUgYEb4BWrOb8kQBkRmQ4ZjGw
6ONny07a1MnZ/lj+1RNFkheFsGo2uAA2M030aK1ucK8gIIWg3c9v+Qz9Kv4DXR5T
Up56fGV6dfIC/3OQeEk54dgQ4LmpRWT+NrXTTFx7GAxBYVdq6bhY5BS0GuTICAKI
l+ViyjGDoTp4Zcqs8xEpK3k+ig4HxKNBWt2zMtWzAP//C0BS3+bXuAyw6h3+ps23
2SYRx06ex4IWEzPeR9hDKtTrxyGUzu9pEs98Q7l17WHTGRHXfaHPcdi5xOXgqdl8
ir+8oYtOYApdmWQJvfQj2/aevBZKCvtkd082/SdDkib8Sg8k/rkXLJSf/T/CH++Q
3C27TZHnGLmdW4AdVFeedVSUbu3a98MGb86mW1YLbgL4muCveSYJ6oPRV/YIkCK6
QO1JgCf67rFtX9KMICIOIRLFoKHNeodtXiOxyHeHpkqiCk8bFTAZhTDkH0Km1Evq
uCo0iJjIQ0zxKfRbCgfyh1KGtTBccELV1Ch45+yXanLfPgszOjLKRglfZGBu23ZI
sdNmnupyCwigsmd17gXnP7/5ZBOdgB4aezEdooN5H4dX7OAadEUzpq20hNenIQTc
kbE7IgbqT7JRnaRShQNPcl7EaTjZ4lKI+4lmbs9wA63abVFIUEbCbw5SGzVMN+1l
ojy4Y9bs1RxNe1soPpL6zuhBUJbLmr5XemirS9lKCED1A0Dy4pTmzNehfXROMOfR
AgABCD3q6Rn+uZXGHITDXAqaOcribppkXt5Eq0up9xBo+3PKV6qZJ5XTSVK82JQd
xtmbCJNdMHdxh8pDd72WdlkBXKGle5sUDkaov5zupALUfx7i8JbDHk6lftROBWrC
FOluUMj2DalGkIxIvBqkhNN+d2iirBDV9iSE3Oxw5QalrwZTSfvFoh5MvjRCGYk5
w5UcoMVBVwe1CNxLhOmiVhmTZVxTH2Jsg33APWFLOoikcHvSlYlUqtn2n+FGRuCK
t1QvbGihv09SH8v9AiXOke6G6vGQDeTmoonRKZ1YGA0rpVkuLwD5Tl/5EmZwyea0
zbmkEKiCw1kDR//SDyTUd8dPoRNhOQt7rPQPHzFL1fZj36eQS2KFm739srj+8wNh
XQtem4+kdYK9ikthmAmGwHzh2q1x5c8KalZCCspc4lb8c+FQEunVU+OtGlbGckKB
0wxKVC+p1zNbGBDu15QK6+KEB/TnwYARGRwClNfdPP2XUFr4IaXLy3rtE2D0JK+Y
PShLKnZgkMDdcgF9IOz75/mgRbh0RmqnPYO4Wum6tzK/dtq1jHg3yArN8dbZBbRo
nbyxanXPF/7RWr8Ey+oZws6WIMmSoJ+Z4aqNnbK3GsFHISIJeyRYMDoyA8cwW4rT
iIAXCMsVoqdbcoGIMkOt2Q3+LHRK7W7uPINjiuBoXs5mT2Egy5zG2ofA7gcerHKg
Xefc1tbrumas1iNIClhznD9E/bL1lC+DzGqn9dLYR+E0Yf+UPhWmQOptD0ydT/T+
A5wSvFzbSp6xQl+vNgj5lWFtbfohd2RZUVXKTBFtS3ox66H6zPTHQl/Ma03UtoeO
ORvc0LyORKqxo6Tatw2DgGvcW5UQTkkOIJ7k4X/LJD7NaLBjS6qKLFCLwJSMXSg8
7lUa5ZSWVQgwFCksoNZ/Ub3VB1KR2IREoNsStzungTjafmnaIpHf0Snb6TWU4atc
3x1nr/iAHFBsoiN7yC7aCZvZGyf7HeKyeWaP32iE9Ya65pU9fUryhuwztgrpUNC+
gd2unof9ufEgsAObw4J9dtQpJdg93Jwekfp+Lkyx0uStt5jGPl7E8eoLQk3WciBB
/sxT7ViGz0tsHcdRA1nH/YV+Fq/qXwOr8a4i9dBIQIhAxyffIogZ/MrqjIk/SD/B
LK+KsZmv9fGjS+hSOLsCadxpdQ/s5u+7huodT2a502cpmJV4qyw/93gWg71kS/YJ
QO47nMX5ZObWCDV48ThYjcyav943gCCN136T6kh/+xBKRii0E5eHkcVcifj5xPc0
qedXHlnnEFkzxXSAkfc5X0gV/csPJKxFhTPLKr2hR6urnzJEEQJ4M5RZjxeMM6vZ
015lPdhU5buu7pcJvUb2kxr6zW22xfwqMHmn9B/OAnJ0WJ1iFsiThR797epHchg/
vDZpi6wVb6JnmNWc8/D4I6r4NLVmNd0nQASClMxIl3PE9HeBDHduoywZIZIed0F+
v9UMQZTTli37aOxsxBsp6VFeUgBLi1/nmy8MZMcfaC4k8iJ+2vBKzDtGjKTenUug
YvxwdLaCPp/D6u5gcWs8HhRCCyXiUVJQ65wftK9C55HRrksA4FBLeFhP8LhDY2WA
6SEg3iCltrU3+/TVPhqI2RHlQZf1lEW64A9RlRgxaNLaVQIakNpK0AkY7F/gxvRs
4fUbNsei8TGLkqr4Lz8R7PZ8Zsk3PlvTT66378xKw52N0XBD5CH5d36XIPTOe8DB
MCDfUv5HhVtcoSGOEVLg3emeC9yqKR4w/W/1ytuzXa7KfU7dGLBU04DIxfE5HozZ
qjmo3mDaakz0dJblWXD3SJAMEyITsvN/G+Z0Q7fWeWAFpFRHBqFUZAwu+KwHN8rk
dq2IlOQqVmoWa7PmfKVpipBjwoWiI3LnTxwO/Np/qmOtxHn7wetR0V85MNF1p7vZ
DXVRaMun8oEM9bx/Z9+9atJcap2Jez4RcGxYqQEeh1nfhGnwRXbOiRBeT4bk+x/7
7ou20RUfwNVaqvcl1hJlgw44AdKIwlpZGid2XSTGpmiWgd3mwWNWFk9OAEftRWqA
3QapthF/2b4SVOp1GLNXWQ/xcQimQ7qhE62b4FhF3UBQm6jsDBWvxp5TSQgX30zu
gGBayTL2wLSJXT5OnBPnIP7iPICeky+2kx7evtQWIsphxhGADNzRi8kI01Mx0jKQ
Bz1leXQoYb7y+XSdI68EyPL4wnGbHIlcDJn5yBC1G0EIEmnuuevjJM5EhYPDhmP+
KC68HAEcugEJKSu37f0/j0ZP8eDSsmzYvlHc9UqCcPPHA/Fm23hXk45hfwkinSBq
jCgp6J12gffZeAZCtADT4r8U/+lYDLS/jjN/FQcROE4XB/GSJVEKADSFk4PvkeTQ
yS2qFaLeWpc9xjab+yVc44ci8t8/UumQty/RSQi/Km3QcDaWocZCWmbHLUePAAla
EE/D7ylBUyaYNnu7RR147YbeJnBxq6A9n9SfV6uL+wikfzYROPhcuGLvCo1pqPsY
QfV5t9cQRsX6GOcvgJHouTB4LJsScWQsolqR1csUm/Ny2nyz0zWGkU0/4V6h3Nqj
cz8G+IHNjryLq6vN1Dq1Huuh7gIBym7Jr1bTiunXjoALKGLv0v+Kk/tRsHbZoWuQ
cwQTElMMdi7yirE0wxJSlv77QnNOnfMdufZMKrsoHMmQC/pUY1mPHfi3QunfygEr
4I1NLUIDFu5HdsMLhusOkt1oZugGrxRzDYUMa0QkJQ8WkntPmea5eKuuWdQ7dLlI
L8F1Y+A0TWHJxgRCTiP5MVpgEZMk//46i60dfXOnBsXOTSA3ECKcYuN+Qe4+e+Ux
jebVhWNibw4WAW/WUfASLp/Jwg2JjlXVpU2/bHBMudBCVrUJU4PBo0R3Li8H2q9k
YVh1cdopw1UPbp4rsoJ4KVR+w/VkNh2/Krc8GjuMJO2Cql9IHiOTIXPOkj//oBsA
mQQpwyws40qZpD64RLJcvQRTMb0JGZHMS8bjtXBEJyMvn1o/bLL7x1vIKh1GcAS8
aRt0h7q+MYq5/h1v1qUoWFzAmwMgTgRuvy0+CQXYXRhK5CuxGgj4nOZ9EIVEGW4Q
5qqQ7FO2plOi9ZEddpCh+abQEF4LUtukMBVAUbIK+nZM+IMvbtnkYUtvmmRRhsau
2t7VtQqi1ZfZtYicxxBvvBAa08LLQzkiG72riy4qig3LEQWvTnP94c+AA5z2kdLa
5n3/JnaV6uyhgpr1QzOkCo1LtzKPef4S8Y/iyAir3pWIApBnNpn9PQ6NuNJBUKJx
sRVERRaILZZpdXANDhz82TO6ULsC/QpopOpVPv5nb6BysHqaGTxj6uNcfmu7Z17I
iBaJSkjSYFJyt0cb5M39YWxtAs3UpFKDdYGwOJSTMIwtCrOogaaGvQEPsWwbpj4n
x4Bt9OGincMJughWwgZ1UssPE8+B3RZ6LnjEqR5N2A0nrc//bBNNrtwPCOXzAU3+
C0qhe68HfItrXSUbwZEInrWCMUVWgBXFYZUXggYrMaD4S85XKks4eFBISykuRmv2
XxldJFefatShubRmDSBWlExljVUL8W4zFCKrpg7tpDa2XSjQS4vP0iOAdcnCOnDP
ohgPrX5y7vsFAyLVx5xmhueFVoLp/zfl4ecUE6AdIEjk29Mc8ELlXTOwj8+c1IO6
U8ww5+8KHsun+G0dSkYDtsqqZ5vvBk++a0i256QbaIP3jHw/sjBaH7iov3rocRh6
XsBDgSO58DQ7WNpQ/31Xe+Qd9G1LorzdpZmGUdxwAMBsb2EURy6CjnD5pL6C1TGy
UJl8ENfxXqGduffJgkh1B/xJ9gdzJHxg9KAT49W9I1MOosdr4IWbGrpOUXP85ANT
UdT6O5X9u609lH+Xg2cQm8hEpmCRDPEJPaJLfCNJm1VOHWPXysinVM5so418MnYW
/ydhPxMNFe9ObmrZiosq4sTTG6lpVNGUf8Mgxl5XjWfoT7mxfoNEkj8VZ46jEN5z
BRWNDLUqy+5ltR+p3Nom49OLfsoTFgzOXuCzIHsGm9bLvnpnLe0L4ntiHZLhQMUp
If1MYLrba2O8MxQfq3+DuBhNfioEGVEW2bFfAIbKskQDwtSa03MtsMkyT5c6/sCp
H0uu5DxEStcl9aREPc+G7XcDBTBZTSM8b28+weG7bjB7iteIlF5GoyEC+v4zO7DG
eAvd4TtUiw6qGU+V5h1nV7T2v2cg1Hl4yb5K10vkGGg/mawwy2F0GWDXEHCxtq8k
/drUU+7KN4Jf7vJEglNEUjApQgQqBqDY0FgWBCnCxUZ3TQCBqDzBY74V6bZz6oNS
wWFVSWUlr0IO50z0DWSJ5oInfTKxjgJ4f/MCpCnhOu907aJdsApzIVvHrXjZDKkZ
pP6Tlb8F48GC9CbpQzvM7qTPZEGNhYM/CAoGIdbHbmciwG4J00HNRWxun7VMvinT
tk3pOtc/UsLlwDOaW6zQm+9OMucG3d88WLfQuLZ46kX60VoiS7NZnUft92VhbuB7
XaOPS9KQGIDZmludsymUI0KyLMaUihiG+AqBkh66UyUw1Txe63qoHuwf86//VNQ0
ZfpiEl1DSRvrizpQ9rXFzBGF3sTMLmtCr+DYiWTyBh0RevJqASC2YwUIts3Vo5L2
PowpZkC4J4OEt+sMyTJUzhvQGyY0CKvNBn/pMjdN6eYjXF6r+n02jZE5ta9ne84Y
bbskW32ME7hhq42tkCiJn/xwtfiq9mAdhbd74+kHQD7UEbL8h6uLT42L+uQXttTL
P7rsnjG3+Ra+Qp0SP7dHRtnbB88mnQwALZI025LYiqJvjxvvqOK4vDwQTdyePSsM
LpHDgzn0NMu6hoesDQczjEeEGxyPYue/cch+iM4Nvt3fis6VYyqtjfqvJOs78BUe
ml/f0BOwkXFum/6CStmbg/3/3Ro+rJCDyGKVN3KVXFd+Yi1a2t/qeHn30OzEKKe3
PF1wjeLhKsfYiqN1uBtWItyyfhNJrKHKbkGKefBC+ARhX2M0t/NxO0r9oz8iN8lA
gpecrRcpgNvvxkkID0+9Aw6TrMQ3koFz6iCviO9LsPY10Ul+xcrnHhpFSr17kmtb
2HNMfGUvDo7NleEtVsVaOhyG0X3vXXbfrJKYI5YV0ISG8eEOSTiwtRIQn6bL3PxF
BTiaq96bahXU3zjacX21Ex68HZPv8gZPIIBVaUdibfNibHNT8MzWKDaS9EwlBpaR
V2YoTwxVdmSgZ+rgQFRr1HJJYshhdH6d0BWzm2ZXkPgZTfx4lwmQkgSbdpu0iM5N
Vbreww/bOCrhiBc3j/Fm/RrEAERxma/YCs8OdJQz2sxc2nsILCepa8fe8gtaZX9e
tY4O53TjlEB+HklnS5Y9DhTomT/PRb4nyzdckuYZf8RW7O2Nu5cwdKZhp/8UHuFv
UPtm5hCjeBi4RqNHDX56xcbAZLiohM1WJ/YBgEiV2uFOiYRd7gqvBFug//llDh43
WDDEnzKrmaLQ6VWFurD9bPf93adYZUETqSdBAS6kbGbUeHngIY1TvJ9rm3Io8UsC
zH1ys/c4Ds4oV0mTEaJWOJcgF4+HFRQ1MNEdax9G3Jm2IJI07Box/42yYhrPfAa2
wLIkVBSEZqhEbDCnxVtu8Q==
