\BOOKMARK [1][-]{toc1.1}{Contents}{}
\BOOKMARK [1][-]{section.1}{1 Introduction}{}
\BOOKMARK [2][-]{subsection.1.1}{1.1 Requirements \046 Other Packages}{section.1}
\BOOKMARK [1][-]{section.2}{2 Package Options}{}
\BOOKMARK [1][-]{section.3}{3 Command Reference}{}
\BOOKMARK [2][-]{subsection.3.1}{3.1 Proof Step Labeling}{section.3}
\BOOKMARK [2][-]{subsection.3.2}{3.2 Proof Sequences}{section.3}
\BOOKMARK [3][-]{subsubsection.3.2.1}{3.2.1 Unicode Shorthand}{subsection.3.2}
\BOOKMARK [2][-]{subsection.3.3}{3.3 The byCases Environment}{section.3}
\BOOKMARK [1][-]{section.4}{4 Implementation}{}
\BOOKMARK [2][-]{subsection.4.1}{4.1 Package Options}{section.4}
\BOOKMARK [2][-]{subsection.4.2}{4.2 Proof Step Numbering}{section.4}
\BOOKMARK [2][-]{subsection.4.3}{4.3 Proof Sequences}{section.4}
\BOOKMARK [2][-]{subsection.4.4}{4.4 The byCases Environment}{section.4}
\BOOKMARK [1][-]{glossary2.1}{Change History}{}
\BOOKMARK [1][-]{index3.1}{Index}{}
\BOOKMARK [2][-]{HD.Symbols.2}{Symbols}{index3.1}
\BOOKMARK [2][-]{HD.A.2}{A}{index3.1}
\BOOKMARK [2][-]{HD.B.2}{B}{index3.1}
\BOOKMARK [2][-]{HD.C.2}{C}{index3.1}
\BOOKMARK [2][-]{HD.D.2}{D}{index3.1}
\BOOKMARK [2][-]{HD.E.2}{E}{index3.1}
\BOOKMARK [2][-]{HD.G.2}{G}{index3.1}
\BOOKMARK [2][-]{HD.H.2}{H}{index3.1}
\BOOKMARK [2][-]{HD.I.2}{I}{index3.1}
\BOOKMARK [2][-]{HD.K.2}{K}{index3.1}
\BOOKMARK [2][-]{HD.L.2}{L}{index3.1}
\BOOKMARK [2][-]{HD.M.2}{M}{index3.1}
\BOOKMARK [2][-]{HD.N.2}{N}{index3.1}
\BOOKMARK [2][-]{HD.O.2}{O}{index3.1}
\BOOKMARK [2][-]{HD.P.2}{P}{index3.1}
\BOOKMARK [2][-]{HD.Q.2}{Q}{index3.1}
\BOOKMARK [2][-]{HD.R.2}{R}{index3.1}
\BOOKMARK [2][-]{HD.S.2}{S}{index3.1}
\BOOKMARK [2][-]{HD.T.2}{T}{index3.1}
\BOOKMARK [2][-]{HD.U.2}{U}{index3.1}
\BOOKMARK [2][-]{HD.W.2}{W}{index3.1}
\BOOKMARK [2][-]{HD.Z.2}{Z}{index3.1}
